#
# There is insufficient memory for the Java Runtime Environment to continue.
# Native memory allocation (malloc) failed to allocate 1727856 bytes for Chunk::new
# Possible reasons:
#   The system is out of physical RAM or swap space
#   The process is running with CompressedOops enabled, and the Java Heap may be blocking the growth of the native heap
# Possible solutions:
#   Reduce memory load on the system
#   Increase physical memory or swap space
#   Check if swap backing store is full
#   Decrease Java heap size (-Xmx/-Xms)
#   Decrease number of Java threads
#   Decrease Java thread stack sizes (-Xss)
#   Set larger code cache with -XX:ReservedCodeCacheSize=
#   JVM is running with Unscaled Compressed Oops mode in which the Java heap is
#     placed in the first 4GB address space. The Java Heap base address is the
#     maximum limit for the native heap growth. Please use -XX:HeapBaseMinAddress
#     to set the Java Heap base and to place the Java Heap above 4GB virtual address.
# This output file may be truncated or incomplete.
#
#  Out of Memory Error (arena.cpp:189), pid=10148, tid=8608
#
# JRE version: Java(TM) SE Runtime Environment (17.0.1+12) (build 17.0.1+12-LTS-39)
# Java VM: Java HotSpot(TM) 64-Bit Server VM (17.0.1+12-LTS-39, mixed mode, sharing, tiered, compressed oops, compressed class ptrs, g1 gc, windows-amd64)
# No core dump will be written. Minidumps are not enabled by default on client versions of Windows
#

---------------  S U M M A R Y ------------

Command Line: br.com.mercadinhosantacruz.caixa.CaixaApplication

Host: Intel(R) Atom(TM) x5-Z8350  CPU @ 1.44GHz, 4 cores, 3G,  Windows 10 , 64 bit Build 19041 (10.0.19041.3636)
Time: Fri Nov 24 13:38:28 2023 Hora Padrão de Buenos Aires elapsed time: 7.332963 seconds (0d 0h 0m 7s)

---------------  T H R E A D  ---------------

Current thread (0x00000229d5c4c8d0):  JavaThread "C2 CompilerThread0" daemon [_thread_in_native, id=8608, stack(0x0000005d16e00000,0x0000005d16f00000)]


Current CompileTask:
C2:   7333 1707       4       jdk.internal.org.objectweb.asm.Frame::execute (2305 bytes)

Stack: [0x0000005d16e00000,0x0000005d16f00000]
Native frames: (J=compiled Java code, j=interpreted, Vv=VM code, C=native code)
V  [jvm.dll+0x66fa1a]
V  [jvm.dll+0x7ce5a4]
V  [jvm.dll+0x7cfd4e]
V  [jvm.dll+0x7d03b3]
V  [jvm.dll+0x242b05]
V  [jvm.dll+0xaa05b]
V  [jvm.dll+0xaa5ec]
V  [jvm.dll+0x35f9b2]
V  [jvm.dll+0x329f51]
V  [jvm.dll+0x3293fa]
V  [jvm.dll+0x215bf1]
V  [jvm.dll+0x215011]
V  [jvm.dll+0x1a168d]
V  [jvm.dll+0x224848]
V  [jvm.dll+0x2229ac]
V  [jvm.dll+0x78435b]
V  [jvm.dll+0x77e91a]
V  [jvm.dll+0x66e845]
C  [ucrtbase.dll+0x21bb2]
C  [KERNEL32.DLL+0x17344]
C  [ntdll.dll+0x526b1]


---------------  P R O C E S S  ---------------

Threads class SMR info:
_java_thread_list=0x00000229f1ff4050, length=15, elements={
0x00000229d3bae3e0, 0x00000229d5c27a00, 0x00000229d5c29010, 0x00000229d5c3e050,
0x00000229d5c41b20, 0x00000229d5c424d0, 0x00000229d5c44630, 0x00000229d5c4c8d0,
0x00000229d5c4d370, 0x00000229d5c4e160, 0x00000229f184b830, 0x00000229f1872b40,
0x00000229f251bd50, 0x00000229f2334270, 0x00000229f268d440
}

Java Threads: ( => current thread )
  0x00000229d3bae3e0 JavaThread "main" [_thread_blocked, id=9344, stack(0x0000005d16100000,0x0000005d16200000)]
  0x00000229d5c27a00 JavaThread "Reference Handler" daemon [_thread_blocked, id=2392, stack(0x0000005d16800000,0x0000005d16900000)]
  0x00000229d5c29010 JavaThread "Finalizer" daemon [_thread_blocked, id=4000, stack(0x0000005d16900000,0x0000005d16a00000)]
  0x00000229d5c3e050 JavaThread "Signal Dispatcher" daemon [_thread_blocked, id=8628, stack(0x0000005d16a00000,0x0000005d16b00000)]
  0x00000229d5c41b20 JavaThread "Attach Listener" daemon [_thread_blocked, id=2492, stack(0x0000005d16b00000,0x0000005d16c00000)]
  0x00000229d5c424d0 JavaThread "Service Thread" daemon [_thread_blocked, id=6012, stack(0x0000005d16c00000,0x0000005d16d00000)]
  0x00000229d5c44630 JavaThread "Monitor Deflation Thread" daemon [_thread_blocked, id=10768, stack(0x0000005d16d00000,0x0000005d16e00000)]
=>0x00000229d5c4c8d0 JavaThread "C2 CompilerThread0" daemon [_thread_in_native, id=8608, stack(0x0000005d16e00000,0x0000005d16f00000)]
  0x00000229d5c4d370 JavaThread "C1 CompilerThread0" daemon [_thread_blocked, id=7468, stack(0x0000005d16f00000,0x0000005d17000000)]
  0x00000229d5c4e160 JavaThread "Sweeper thread" daemon [_thread_blocked, id=9852, stack(0x0000005d17000000,0x0000005d17100000)]
  0x00000229f184b830 JavaThread "Notification Thread" daemon [_thread_blocked, id=1304, stack(0x0000005d17100000,0x0000005d17200000)]
  0x00000229f1872b40 JavaThread "Common-Cleaner" daemon [_thread_blocked, id=6804, stack(0x0000005d17300000,0x0000005d17400000)]
  0x00000229f251bd50 JavaThread "Thread-0" [_thread_blocked, id=244, stack(0x0000005d17800000,0x0000005d17900000)]
  0x00000229f2334270 JavaThread "restartedMain" [_thread_in_native, id=3728, stack(0x0000005d17900000,0x0000005d17a00000)]
  0x00000229f268d440 JavaThread "background-preinit" [_thread_in_vm, id=9748, stack(0x0000005d17700000,0x0000005d17800000)]

Other Threads:
  0x00000229d5c23270 VMThread "VM Thread" [stack: 0x0000005d16700000,0x0000005d16800000] [id=3108]
  0x00000229f186dd20 WatcherThread [stack: 0x0000005d17200000,0x0000005d17300000] [id=9460]
  0x00000229d5ba7420 GCTaskThread "GC Thread#0" [stack: 0x0000005d16200000,0x0000005d16300000] [id=7804]
  0x00000229f1d47e20 GCTaskThread "GC Thread#1" [stack: 0x0000005d17400000,0x0000005d17500000] [id=3772]
  0x00000229f20131e0 GCTaskThread "GC Thread#2" [stack: 0x0000005d17500000,0x0000005d17600000] [id=7852]
  0x00000229f2013490 GCTaskThread "GC Thread#3" [stack: 0x0000005d17600000,0x0000005d17700000] [id=10640]
  0x00000229d5bb0f30 ConcurrentGCThread "G1 Main Marker" [stack: 0x0000005d16300000,0x0000005d16400000] [id=11152]
  0x00000229d5bb1940 ConcurrentGCThread "G1 Conc#0" [stack: 0x0000005d16400000,0x0000005d16500000] [id=440]
  0x00000229d5bef3a0 ConcurrentGCThread "G1 Refine#0" [stack: 0x0000005d16500000,0x0000005d16600000] [id=7396]
  0x00000229d5bf0560 ConcurrentGCThread "G1 Service" [stack: 0x0000005d16600000,0x0000005d16700000] [id=10536]

Threads with active compile tasks:
C2 CompilerThread0     7485 1707       4       jdk.internal.org.objectweb.asm.Frame::execute (2305 bytes)

VM state: not at safepoint (normal execution)

VM Mutex/Monitor currently owned by a thread: None

Heap address: 0x00000000c2200000, size: 990 MB, Compressed Oops mode: 32-bit

CDS archive(s) mapped at: [0x0000000800000000-0x0000000800bc0000-0x0000000800bc0000), size 12320768, SharedBaseAddress: 0x0000000800000000, ArchiveRelocationMode: 0.
Compressed class space mapped at: 0x0000000800c00000-0x0000000840c00000, reserved size: 1073741824
Narrow klass base: 0x0000000800000000, Narrow klass shift: 0, Narrow klass range: 0x100000000

GC Precious Log:
 CPUs: 4 total, 4 available
 Memory: 3955M
 Large Page Support: Disabled
 NUMA Support: Disabled
 Compressed Oops: Enabled (32-bit)
 Heap Region Size: 1M
 Heap Min Capacity: 8M
 Heap Initial Capacity: 62M
 Heap Max Capacity: 990M
 Pre-touch: Disabled
 Parallel Workers: 4
 Concurrent Workers: 1
 Concurrent Refinement Workers: 4
 Periodic GC: Disabled

Heap:
 garbage-first heap   total 63488K, used 12580K [0x00000000c2200000, 0x0000000100000000)
  region size 1024K, 10 young (10240K), 3 survivors (3072K)
 Metaspace       used 13498K, committed 13696K, reserved 1064960K
  class space    used 1642K, committed 1728K, reserved 1048576K

Heap Regions: E=young(eden), S=young(survivor), O=old, HS=humongous(starts), HC=humongous(continues), CS=collection set, F=free, OA=open archive, CA=closed archive, TAMS=top-at-mark-start (previous, next)
|   0|0x00000000c2200000, 0x00000000c2300000, 0x00000000c2300000|100%| O|  |TAMS 0x00000000c2200000, 0x00000000c2200000| Untracked 
|   1|0x00000000c2300000, 0x00000000c2400000, 0x00000000c2400000|100%| O|  |TAMS 0x00000000c2300000, 0x00000000c2300000| Untracked 
|   2|0x00000000c2400000, 0x00000000c2500000, 0x00000000c2500000|100%| O|  |TAMS 0x00000000c2400000, 0x00000000c2400000| Untracked 
|   3|0x00000000c2500000, 0x00000000c258d600, 0x00000000c2600000| 55%| O|  |TAMS 0x00000000c2500000, 0x00000000c2500000| Untracked 
|   4|0x00000000c2600000, 0x00000000c2600000, 0x00000000c2700000|  0%| F|  |TAMS 0x00000000c2600000, 0x00000000c2600000| Untracked 
|   5|0x00000000c2700000, 0x00000000c2700000, 0x00000000c2800000|  0%| F|  |TAMS 0x00000000c2700000, 0x00000000c2700000| Untracked 
|   6|0x00000000c2800000, 0x00000000c2800000, 0x00000000c2900000|  0%| F|  |TAMS 0x00000000c2800000, 0x00000000c2800000| Untracked 
|   7|0x00000000c2900000, 0x00000000c2900000, 0x00000000c2a00000|  0%| F|  |TAMS 0x00000000c2900000, 0x00000000c2900000| Untracked 
|   8|0x00000000c2a00000, 0x00000000c2a00000, 0x00000000c2b00000|  0%| F|  |TAMS 0x00000000c2a00000, 0x00000000c2a00000| Untracked 
|   9|0x00000000c2b00000, 0x00000000c2b00000, 0x00000000c2c00000|  0%| F|  |TAMS 0x00000000c2b00000, 0x00000000c2b00000| Untracked 
|  10|0x00000000c2c00000, 0x00000000c2c00000, 0x00000000c2d00000|  0%| F|  |TAMS 0x00000000c2c00000, 0x00000000c2c00000| Untracked 
|  11|0x00000000c2d00000, 0x00000000c2d00000, 0x00000000c2e00000|  0%| F|  |TAMS 0x00000000c2d00000, 0x00000000c2d00000| Untracked 
|  12|0x00000000c2e00000, 0x00000000c2e00000, 0x00000000c2f00000|  0%| F|  |TAMS 0x00000000c2e00000, 0x00000000c2e00000| Untracked 
|  13|0x00000000c2f00000, 0x00000000c2f00000, 0x00000000c3000000|  0%| F|  |TAMS 0x00000000c2f00000, 0x00000000c2f00000| Untracked 
|  14|0x00000000c3000000, 0x00000000c3000000, 0x00000000c3100000|  0%| F|  |TAMS 0x00000000c3000000, 0x00000000c3000000| Untracked 
|  15|0x00000000c3100000, 0x00000000c3100000, 0x00000000c3200000|  0%| F|  |TAMS 0x00000000c3100000, 0x00000000c3100000| Untracked 
|  16|0x00000000c3200000, 0x00000000c3200000, 0x00000000c3300000|  0%| F|  |TAMS 0x00000000c3200000, 0x00000000c3200000| Untracked 
|  17|0x00000000c3300000, 0x00000000c3300000, 0x00000000c3400000|  0%| F|  |TAMS 0x00000000c3300000, 0x00000000c3300000| Untracked 
|  18|0x00000000c3400000, 0x00000000c3400000, 0x00000000c3500000|  0%| F|  |TAMS 0x00000000c3400000, 0x00000000c3400000| Untracked 
|  19|0x00000000c3500000, 0x00000000c3500000, 0x00000000c3600000|  0%| F|  |TAMS 0x00000000c3500000, 0x00000000c3500000| Untracked 
|  20|0x00000000c3600000, 0x00000000c3600000, 0x00000000c3700000|  0%| F|  |TAMS 0x00000000c3600000, 0x00000000c3600000| Untracked 
|  21|0x00000000c3700000, 0x00000000c3700000, 0x00000000c3800000|  0%| F|  |TAMS 0x00000000c3700000, 0x00000000c3700000| Untracked 
|  22|0x00000000c3800000, 0x00000000c3800000, 0x00000000c3900000|  0%| F|  |TAMS 0x00000000c3800000, 0x00000000c3800000| Untracked 
|  23|0x00000000c3900000, 0x00000000c3900000, 0x00000000c3a00000|  0%| F|  |TAMS 0x00000000c3900000, 0x00000000c3900000| Untracked 
|  24|0x00000000c3a00000, 0x00000000c3a00000, 0x00000000c3b00000|  0%| F|  |TAMS 0x00000000c3a00000, 0x00000000c3a00000| Untracked 
|  25|0x00000000c3b00000, 0x00000000c3b00000, 0x00000000c3c00000|  0%| F|  |TAMS 0x00000000c3b00000, 0x00000000c3b00000| Untracked 
|  26|0x00000000c3c00000, 0x00000000c3c00000, 0x00000000c3d00000|  0%| F|  |TAMS 0x00000000c3c00000, 0x00000000c3c00000| Untracked 
|  27|0x00000000c3d00000, 0x00000000c3d00000, 0x00000000c3e00000|  0%| F|  |TAMS 0x00000000c3d00000, 0x00000000c3d00000| Untracked 
|  28|0x00000000c3e00000, 0x00000000c3e00000, 0x00000000c3f00000|  0%| F|  |TAMS 0x00000000c3e00000, 0x00000000c3e00000| Untracked 
|  29|0x00000000c3f00000, 0x00000000c3f00000, 0x00000000c4000000|  0%| F|  |TAMS 0x00000000c3f00000, 0x00000000c3f00000| Untracked 
|  30|0x00000000c4000000, 0x00000000c4000000, 0x00000000c4100000|  0%| F|  |TAMS 0x00000000c4000000, 0x00000000c4000000| Untracked 
|  31|0x00000000c4100000, 0x00000000c4100000, 0x00000000c4200000|  0%| F|  |TAMS 0x00000000c4100000, 0x00000000c4100000| Untracked 
|  32|0x00000000c4200000, 0x00000000c4200000, 0x00000000c4300000|  0%| F|  |TAMS 0x00000000c4200000, 0x00000000c4200000| Untracked 
|  33|0x00000000c4300000, 0x00000000c4300000, 0x00000000c4400000|  0%| F|  |TAMS 0x00000000c4300000, 0x00000000c4300000| Untracked 
|  34|0x00000000c4400000, 0x00000000c44bbcd0, 0x00000000c4500000| 73%| S|CS|TAMS 0x00000000c4400000, 0x00000000c4400000| Complete 
|  35|0x00000000c4500000, 0x00000000c4600000, 0x00000000c4600000|100%| S|CS|TAMS 0x00000000c4500000, 0x00000000c4500000| Complete 
|  36|0x00000000c4600000, 0x00000000c4700000, 0x00000000c4700000|100%| S|CS|TAMS 0x00000000c4600000, 0x00000000c4600000| Complete 
|  37|0x00000000c4700000, 0x00000000c4700000, 0x00000000c4800000|  0%| F|  |TAMS 0x00000000c4700000, 0x00000000c4700000| Untracked 
|  38|0x00000000c4800000, 0x00000000c4800000, 0x00000000c4900000|  0%| F|  |TAMS 0x00000000c4800000, 0x00000000c4800000| Untracked 
|  39|0x00000000c4900000, 0x00000000c4900000, 0x00000000c4a00000|  0%| F|  |TAMS 0x00000000c4900000, 0x00000000c4900000| Untracked 
|  40|0x00000000c4a00000, 0x00000000c4a00000, 0x00000000c4b00000|  0%| F|  |TAMS 0x00000000c4a00000, 0x00000000c4a00000| Untracked 
|  41|0x00000000c4b00000, 0x00000000c4b00000, 0x00000000c4c00000|  0%| F|  |TAMS 0x00000000c4b00000, 0x00000000c4b00000| Untracked 
|  42|0x00000000c4c00000, 0x00000000c4c00000, 0x00000000c4d00000|  0%| F|  |TAMS 0x00000000c4c00000, 0x00000000c4c00000| Untracked 
|  43|0x00000000c4d00000, 0x00000000c4d00000, 0x00000000c4e00000|  0%| F|  |TAMS 0x00000000c4d00000, 0x00000000c4d00000| Untracked 
|  44|0x00000000c4e00000, 0x00000000c4e00000, 0x00000000c4f00000|  0%| F|  |TAMS 0x00000000c4e00000, 0x00000000c4e00000| Untracked 
|  45|0x00000000c4f00000, 0x00000000c4f00000, 0x00000000c5000000|  0%| F|  |TAMS 0x00000000c4f00000, 0x00000000c4f00000| Untracked 
|  46|0x00000000c5000000, 0x00000000c5000000, 0x00000000c5100000|  0%| F|  |TAMS 0x00000000c5000000, 0x00000000c5000000| Untracked 
|  47|0x00000000c5100000, 0x00000000c5100000, 0x00000000c5200000|  0%| F|  |TAMS 0x00000000c5100000, 0x00000000c5100000| Untracked 
|  48|0x00000000c5200000, 0x00000000c5200000, 0x00000000c5300000|  0%| F|  |TAMS 0x00000000c5200000, 0x00000000c5200000| Untracked 
|  49|0x00000000c5300000, 0x00000000c5300000, 0x00000000c5400000|  0%| F|  |TAMS 0x00000000c5300000, 0x00000000c5300000| Untracked 
|  50|0x00000000c5400000, 0x00000000c5400000, 0x00000000c5500000|  0%| F|  |TAMS 0x00000000c5400000, 0x00000000c5400000| Untracked 
|  51|0x00000000c5500000, 0x00000000c5500000, 0x00000000c5600000|  0%| F|  |TAMS 0x00000000c5500000, 0x00000000c5500000| Untracked 
|  52|0x00000000c5600000, 0x00000000c5600000, 0x00000000c5700000|  0%| F|  |TAMS 0x00000000c5600000, 0x00000000c5600000| Untracked 
|  53|0x00000000c5700000, 0x00000000c5700000, 0x00000000c5800000|  0%| F|  |TAMS 0x00000000c5700000, 0x00000000c5700000| Untracked 
|  54|0x00000000c5800000, 0x00000000c5800000, 0x00000000c5900000|  0%| F|  |TAMS 0x00000000c5800000, 0x00000000c5800000| Untracked 
|  55|0x00000000c5900000, 0x00000000c5a00000, 0x00000000c5a00000|100%| E|  |TAMS 0x00000000c5900000, 0x00000000c5900000| Complete 
|  56|0x00000000c5a00000, 0x00000000c5b00000, 0x00000000c5b00000|100%| E|CS|TAMS 0x00000000c5a00000, 0x00000000c5a00000| Complete 
|  57|0x00000000c5b00000, 0x00000000c5c00000, 0x00000000c5c00000|100%| E|CS|TAMS 0x00000000c5b00000, 0x00000000c5b00000| Complete 
|  58|0x00000000c5c00000, 0x00000000c5d00000, 0x00000000c5d00000|100%| E|CS|TAMS 0x00000000c5c00000, 0x00000000c5c00000| Complete 
|  59|0x00000000c5d00000, 0x00000000c5e00000, 0x00000000c5e00000|100%| E|CS|TAMS 0x00000000c5d00000, 0x00000000c5d00000| Complete 
|  60|0x00000000c5e00000, 0x00000000c5f00000, 0x00000000c5f00000|100%| E|CS|TAMS 0x00000000c5e00000, 0x00000000c5e00000| Complete 
|  61|0x00000000c5f00000, 0x00000000c6000000, 0x00000000c6000000|100%| E|CS|TAMS 0x00000000c5f00000, 0x00000000c5f00000| Complete 

Card table byte_map: [0x00000229ec570000,0x00000229ec760000] _byte_map_base: 0x00000229ebf5f000

Marking Bits (Prev, Next): (CMBitMap*) 0x00000229d5ba7a30, (CMBitMap*) 0x00000229d5ba7a70
 Prev Bits: [0x00000229ec950000, 0x00000229ed8c8000)
 Next Bits: [0x00000229ed8d0000, 0x00000229ee848000)

Polling page: 0x00000229d3a60000

Metaspace:

Usage:
  Non-class:     11.63 MB used.
      Class:      1.61 MB used.
       Both:     13.24 MB used.

Virtual space:
  Non-class space:       16.00 MB reserved,      11.75 MB ( 73%) committed,  2 nodes.
      Class space:        1.00 GB reserved,       1.69 MB ( <1%) committed,  1 nodes.
             Both:        1.02 GB reserved,      13.44 MB (  1%) committed. 

Chunk freelists:
   Non-Class:  3.83 MB
       Class:  2.19 MB
        Both:  6.02 MB

MaxMetaspaceSize: unlimited
CompressedClassSpaceSize: 1.00 GB
Initial GC threshold: 21.00 MB
Current GC threshold: 21.00 MB
CDS: on
MetaspaceReclaimPolicy: balanced
 - commit_granule_bytes: 65536.
 - commit_granule_words: 8192.
 - virtual_space_node_default_size: 1048576.
 - enlarge_chunks_in_place: 1.
 - new_chunks_are_fully_committed: 0.
 - uncommit_free_chunks: 1.
 - use_allocation_guard: 0.
 - handle_deallocations: 1.


Internal statistics:

num_allocs_failed_limit: 0.
num_arena_births: 184.
num_arena_deaths: 0.
num_vsnodes_births: 3.
num_vsnodes_deaths: 0.
num_space_committed: 215.
num_space_uncommitted: 0.
num_chunks_returned_to_freelist: 0.
num_chunks_taken_from_freelist: 608.
num_chunk_merges: 0.
num_chunk_splits: 419.
num_chunks_enlarged: 335.
num_purges: 0.
num_inconsistent_stats: 0.

CodeHeap 'non-profiled nmethods': size=120000Kb used=597Kb max_used=597Kb free=119402Kb
 bounds [0x00000229e4e50000, 0x00000229e50c0000, 0x00000229ec380000]
CodeHeap 'profiled nmethods': size=120000Kb used=3348Kb max_used=3348Kb free=116651Kb
 bounds [0x00000229dd920000, 0x00000229ddc70000, 0x00000229e4e50000]
CodeHeap 'non-nmethods': size=5760Kb used=1184Kb max_used=1194Kb free=4576Kb
 bounds [0x00000229dd380000, 0x00000229dd5f0000, 0x00000229dd920000]
 total_blobs=2264 nmethods=1785 adapters=392
 compilation: enabled
              stopped_count=0, restarted_count=0
 full_count=0

Compilation events (20 events):
Event: 7.209 Thread 0x00000229d5c4d370 1776       3       jdk.internal.loader.AbstractClassLoaderValue::extractValue (17 bytes)
Event: 7.210 Thread 0x00000229d5c4d370 nmethod 1776 0x00000229ddc5b710 code [0x00000229ddc5b8c0, 0x00000229ddc5bc68]
Event: 7.210 Thread 0x00000229d5c4d370 1777       3       java.util.EnumSet::noneOf (63 bytes)
Event: 7.213 Thread 0x00000229d5c4d370 nmethod 1777 0x00000229ddc5bd90 code [0x00000229ddc5c060, 0x00000229ddc5cec8]
Event: 7.213 Thread 0x00000229d5c4d370 1778       3       java.util.EnumSet::getUniverse (10 bytes)
Event: 7.214 Thread 0x00000229d5c4d370 nmethod 1778 0x00000229ddc5d410 code [0x00000229ddc5d5e0, 0x00000229ddc5d908]
Event: 7.214 Thread 0x00000229d5c4d370 1779       3       jdk.internal.loader.AbstractClassLoaderValue::<init> (5 bytes)
Event: 7.215 Thread 0x00000229d5c4d370 nmethod 1779 0x00000229ddc5da90 code [0x00000229ddc5dc20, 0x00000229ddc5dd78]
Event: 7.215 Thread 0x00000229d5c4d370 1780       3       jdk.internal.loader.AbstractClassLoaderValue::sub (10 bytes)
Event: 7.216 Thread 0x00000229d5c4d370 nmethod 1780 0x00000229ddc5de10 code [0x00000229ddc5dfc0, 0x00000229ddc5e2f8]
Event: 7.216 Thread 0x00000229d5c4d370 1781       3       jdk.internal.loader.AbstractClassLoaderValue$Sub::<init> (15 bytes)
Event: 7.216 Thread 0x00000229d5c4d370 nmethod 1781 0x00000229ddc5e410 code [0x00000229ddc5e5c0, 0x00000229ddc5e838]
Event: 7.217 Thread 0x00000229d5c4d370 1782       3       java.lang.StringLatin1::getChar (9 bytes)
Event: 7.218 Thread 0x00000229d5c4d370 nmethod 1782 0x00000229ddc5e910 code [0x00000229ddc5eaa0, 0x00000229ddc5ebb8]
Event: 7.224 Thread 0x00000229d5c4d370 1783       1       sun.reflect.generics.repository.AbstractRepository::getFactory (5 bytes)
Event: 7.225 Thread 0x00000229d5c4d370 nmethod 1783 0x00000229e4ee5190 code [0x00000229e4ee5320, 0x00000229e4ee53f8]
Event: 7.225 Thread 0x00000229d5c4d370 1784       3       java.lang.Enum::getDeclaringClass (22 bytes)
Event: 7.226 Thread 0x00000229d5c4d370 nmethod 1784 0x00000229ddc5ec90 code [0x00000229ddc5ee40, 0x00000229ddc5f028]
Event: 7.272 Thread 0x00000229d5c4d370 1785       3       java.lang.Short::<init> (10 bytes)
Event: 7.273 Thread 0x00000229d5c4d370 nmethod 1785 0x00000229ddc5f110 code [0x00000229ddc5f2c0, 0x00000229ddc5f498]

GC Heap History (6 events):
Event: 2.423 GC heap before
{Heap before GC invocations=0 (full 0):
 garbage-first heap   total 63488K, used 12288K [0x00000000c2200000, 0x0000000100000000)
  region size 1024K, 13 young (13312K), 0 survivors (0K)
 Metaspace       used 3347K, committed 3520K, reserved 1056768K
  class space    used 356K, committed 448K, reserved 1048576K
}
Event: 2.445 GC heap after
{Heap after GC invocations=1 (full 0):
 garbage-first heap   total 63488K, used 3732K [0x00000000c2200000, 0x0000000100000000)
  region size 1024K, 2 young (2048K), 2 survivors (2048K)
 Metaspace       used 3347K, committed 3520K, reserved 1056768K
  class space    used 356K, committed 448K, reserved 1048576K
}
Event: 4.260 GC heap before
{Heap before GC invocations=1 (full 0):
 garbage-first heap   total 63488K, used 17044K [0x00000000c2200000, 0x0000000100000000)
  region size 1024K, 15 young (15360K), 2 survivors (2048K)
 Metaspace       used 6126K, committed 6336K, reserved 1056768K
  class space    used 722K, committed 832K, reserved 1048576K
}
Event: 4.270 GC heap after
{Heap after GC invocations=2 (full 0):
 garbage-first heap   total 63488K, used 4439K [0x00000000c2200000, 0x0000000100000000)
  region size 1024K, 1 young (1024K), 1 survivors (1024K)
 Metaspace       used 6126K, committed 6336K, reserved 1056768K
  class space    used 722K, committed 832K, reserved 1048576K
}
Event: 6.791 GC heap before
{Heap before GC invocations=2 (full 0):
 garbage-first heap   total 63488K, used 27991K [0x00000000c2200000, 0x0000000100000000)
  region size 1024K, 25 young (25600K), 1 survivors (1024K)
 Metaspace       used 11883K, committed 12160K, reserved 1064960K
  class space    used 1416K, committed 1536K, reserved 1048576K
}
Event: 6.809 GC heap after
{Heap after GC invocations=3 (full 0):
 garbage-first heap   total 63488K, used 6436K [0x00000000c2200000, 0x0000000100000000)
  region size 1024K, 3 young (3072K), 3 survivors (3072K)
 Metaspace       used 11883K, committed 12160K, reserved 1064960K
  class space    used 1416K, committed 1536K, reserved 1048576K
}

Deoptimization events (20 events):
Event: 6.351 Thread 0x00000229f268d440 Uncommon trap: trap_request=0xffffff45 fr.pc=0x00000229e4e56d88 relative=0x00000000000001e8
Event: 6.351 Thread 0x00000229f268d440 Uncommon trap: reason=unstable_if action=reinterpret pc=0x00000229e4e56d88 method=java.lang.StringLatin1.canEncode(I)Z @ 4 c2
Event: 6.351 Thread 0x00000229f268d440 DEOPT PACKING pc=0x00000229e4e56d88 sp=0x0000005d177fdac0
Event: 6.351 Thread 0x00000229f268d440 DEOPT UNPACKING pc=0x00000229dd3d239d sp=0x0000005d177fd9d8 mode 2
Event: 6.351 Thread 0x00000229f268d440 Uncommon trap: trap_request=0xffffff45 fr.pc=0x00000229e4e5615c relative=0x00000000000001bc
Event: 6.351 Thread 0x00000229f268d440 Uncommon trap: reason=unstable_if action=reinterpret pc=0x00000229e4e5615c method=java.lang.AbstractStringBuilder.isLatin1()Z @ 10 c2
Event: 6.351 Thread 0x00000229f268d440 DEOPT PACKING pc=0x00000229e4e5615c sp=0x0000005d177fdae0
Event: 6.351 Thread 0x00000229f268d440 DEOPT UNPACKING pc=0x00000229dd3d239d sp=0x0000005d177fda50 mode 2
Event: 6.352 Thread 0x00000229f268d440 Uncommon trap: trap_request=0xffffff45 fr.pc=0x00000229e4e5d95c relative=0x000000000000005c
Event: 6.352 Thread 0x00000229f268d440 Uncommon trap: reason=unstable_if action=reinterpret pc=0x00000229e4e5d95c method=java.lang.AbstractStringBuilder.isLatin1()Z @ 10 c2
Event: 6.352 Thread 0x00000229f268d440 DEOPT PACKING pc=0x00000229e4e5d95c sp=0x0000005d177fdab0
Event: 6.352 Thread 0x00000229f268d440 DEOPT UNPACKING pc=0x00000229dd3d239d sp=0x0000005d177fda40 mode 2
Event: 6.366 Thread 0x00000229f268d440 Uncommon trap: trap_request=0xffffff45 fr.pc=0x00000229e4e93ec8 relative=0x0000000000000048
Event: 6.366 Thread 0x00000229f268d440 Uncommon trap: reason=unstable_if action=reinterpret pc=0x00000229e4e93ec8 method=java.lang.CharacterData.of(I)Ljava/lang/CharacterData; @ 4 c2
Event: 6.366 Thread 0x00000229f268d440 DEOPT PACKING pc=0x00000229e4e93ec8 sp=0x0000005d177fd260
Event: 6.366 Thread 0x00000229f268d440 DEOPT UNPACKING pc=0x00000229dd3d239d sp=0x0000005d177fd1f8 mode 2
Event: 6.542 Thread 0x00000229f2334270 Uncommon trap: trap_request=0xffffff45 fr.pc=0x00000229e4ebd060 relative=0x00000000000002c0
Event: 6.542 Thread 0x00000229f2334270 Uncommon trap: reason=unstable_if action=reinterpret pc=0x00000229e4ebd060 method=jdk.internal.org.objectweb.asm.SymbolTable.put(Ljdk/internal/org/objectweb/asm/SymbolTable$Entry;)Ljdk/internal/org/objectweb/asm/SymbolTable$Entry; @ 13 c2
Event: 6.542 Thread 0x00000229f2334270 DEOPT PACKING pc=0x00000229e4ebd060 sp=0x0000005d179fc8e0
Event: 6.542 Thread 0x00000229f2334270 DEOPT UNPACKING pc=0x00000229dd3d239d sp=0x0000005d179fc860 mode 2

Classes unloaded (0 events):
No events

Classes redefined (0 events):
No events

Internal exceptions (20 events):
Event: 4.584 Thread 0x00000229f2334270 Exception <a 'java/lang/NoSuchMethodError'{0x00000000c5d85e18}: 'java.lang.Object java.lang.invoke.DirectMethodHandle$Holder.invokeSpecial(java.lang.Object, java.lang.Object, java.lang.Object, java.lang.Object, java.lang.Object, java.lang.Object, java.lang.Object, int)'> (0x00000000c5d85e18) 
thrown [t:\workspace\open\src\hotspot\share\interpreter\linkResolver.cpp, line 766]
Event: 4.770 Thread 0x00000229f2334270 Exception <a 'java/lang/NoSuchMethodError'{0x00000000c5cc2958}: 'int java.lang.invoke.DirectMethodHandle$Holder.invokeInterface(java.lang.Object, java.lang.Object)'> (0x00000000c5cc2958) 
thrown [t:\workspace\open\src\hotspot\share\interpreter\linkResolver.cpp, line 766]
Event: 4.946 Thread 0x00000229f2334270 Exception <a 'java/lang/NoSuchMethodError'{0x00000000c5be7258}: 'java.lang.Object java.lang.invoke.DirectMethodHandle$Holder.invokeSpecial(java.lang.Object, java.lang.Object, java.lang.Object, int, java.lang.Object)'> (0x00000000c5be7258) 
thrown [t:\workspace\open\src\hotspot\share\interpreter\linkResolver.cpp, line 766]
Event: 4.951 Thread 0x00000229f2334270 Exception <a 'java/lang/NoSuchMethodError'{0x00000000c5bef8b8}: 'java.lang.Object java.lang.invoke.DirectMethodHandle$Holder.newInvokeSpecial(java.lang.Object, java.lang.Object, java.lang.Object, int, java.lang.Object)'> (0x00000000c5bef8b8) 
thrown [t:\workspace\open\src\hotspot\share\interpreter\linkResolver.cpp, line 766]
Event: 4.955 Thread 0x00000229f2334270 Exception <a 'java/lang/NoSuchMethodError'{0x00000000c5bf74f0}: 'java.lang.Object java.lang.invoke.Invokers$Holder.linkToTargetMethod(java.lang.Object, java.lang.Object, int, java.lang.Object, java.lang.Object)'> (0x00000000c5bf74f0) 
thrown [t:\workspace\open\src\hotspot\share\interpreter\linkResolver.cpp, line 766]
Event: 4.962 Thread 0x00000229f2334270 Exception <a 'java/lang/NoSuchMethodError'{0x00000000c5a070b0}: 'java.lang.Object java.lang.invoke.DirectMethodHandle$Holder.newInvokeSpecial(java.lang.Object, int, java.lang.Object)'> (0x00000000c5a070b0) 
thrown [t:\workspace\open\src\hotspot\share\interpreter\linkResolver.cpp, line 766]
Event: 4.965 Thread 0x00000229f2334270 Exception <a 'java/lang/NoSuchMethodError'{0x00000000c5a0bd90}: 'int java.lang.invoke.DirectMethodHandle$Holder.invokeSpecialIFC(java.lang.Object, java.lang.Object, java.lang.Object, java.lang.Object)'> (0x00000000c5a0bd90) 
thrown [t:\workspace\open\src\hotspot\share\interpreter\linkResolver.cpp, line 766]
Event: 5.075 Thread 0x00000229f2334270 Exception <a 'java/lang/NoSuchMethodError'{0x00000000c5907860}: 'void java.lang.invoke.DirectMethodHandle$Holder.invokeInterface(java.lang.Object, java.lang.Object, java.lang.Object)'> (0x00000000c5907860) 
thrown [t:\workspace\open\src\hotspot\share\interpreter\linkResolver.cpp, line 766]
Event: 5.206 Thread 0x00000229f2334270 Exception <a 'java/lang/NoSuchMethodError'{0x00000000c59a4778}: 'void java.lang.invoke.DirectMethodHandle$Holder.invokeStatic(java.lang.Object, java.lang.Object)'> (0x00000000c59a4778) 
thrown [t:\workspace\open\src\hotspot\share\interpreter\linkResolver.cpp, line 766]
Event: 5.208 Thread 0x00000229f2334270 Exception <a 'java/lang/NoSuchMethodError'{0x00000000c59a7f78}: 'void java.lang.invoke.DirectMethodHandle$Holder.invokeStaticInit(java.lang.Object, java.lang.Object)'> (0x00000000c59a7f78) 
thrown [t:\workspace\open\src\hotspot\share\interpreter\linkResolver.cpp, line 766]
Event: 5.218 Thread 0x00000229f2334270 Exception <a 'java/lang/NoSuchMethodError'{0x00000000c59b5860}: 'void java.lang.invoke.DirectMethodHandle$Holder.invokeStaticInit(java.lang.Object, java.lang.Object, java.lang.Object)'> (0x00000000c59b5860) 
thrown [t:\workspace\open\src\hotspot\share\interpreter\linkResolver.cpp, line 766]
Event: 5.234 Thread 0x00000229f2334270 Exception <a 'java/lang/NoSuchMethodError'{0x00000000c59c7c08}: 'java.lang.Object java.lang.invoke.DirectMethodHandle$Holder.invokeStatic(java.lang.Object, java.lang.Object, long, java.lang.Object)'> (0x00000000c59c7c08) 
thrown [t:\workspace\open\src\hotspot\share\interpreter\linkResolver.cpp, line 766]
Event: 5.235 Thread 0x00000229f2334270 Exception <a 'java/lang/NoSuchMethodError'{0x00000000c59cb6a0}: 'java.lang.Object java.lang.invoke.DirectMethodHandle$Holder.invokeStaticInit(java.lang.Object, java.lang.Object, long, java.lang.Object)'> (0x00000000c59cb6a0) 
thrown [t:\workspace\open\src\hotspot\share\interpreter\linkResolver.cpp, line 766]
Event: 5.238 Thread 0x00000229f2334270 Exception <a 'java/lang/NoSuchMethodError'{0x00000000c59d1de8}: 'java.lang.Object java.lang.invoke.DirectMethodHandle$Holder.newInvokeSpecial(java.lang.Object, java.lang.Object, long)'> (0x00000000c59d1de8) 
thrown [t:\workspace\open\src\hotspot\share\interpreter\linkResolver.cpp, line 766]
Event: 5.240 Thread 0x00000229f2334270 Exception <a 'java/lang/NoSuchMethodError'{0x00000000c59d5958}: 'java.lang.Object java.lang.invoke.Invokers$Holder.linkToTargetMethod(java.lang.Object, long, java.lang.Object)'> (0x00000000c59d5958) 
thrown [t:\workspace\open\src\hotspot\share\interpreter\linkResolver.cpp, line 766]
Event: 5.309 Thread 0x00000229f2334270 Exception <a 'java/lang/NoSuchMethodError'{0x00000000c58258a8}: 'void java.lang.invoke.DirectMethodHandle$Holder.invokeVirtual(java.lang.Object, java.lang.Object, java.lang.Object, java.lang.Object)'> (0x00000000c58258a8) 
thrown [t:\workspace\open\src\hotspot\share\interpreter\linkResolver.cpp, line 766]
Event: 5.533 Thread 0x00000229f2334270 Exception <a 'java/lang/NoSuchMethodError'{0x00000000c577fd08}: 'void java.lang.invoke.DirectMethodHandle$Holder.invokeSpecial(java.lang.Object, java.lang.Object, java.lang.Object)'> (0x00000000c577fd08) 
thrown [t:\workspace\open\src\hotspot\share\interpreter\linkResolver.cpp, line 766]
Event: 5.538 Thread 0x00000229f2334270 Exception <a 'java/lang/NoSuchMethodError'{0x00000000c57862e0}: 'void java.lang.invoke.DirectMethodHandle$Holder.invokeSpecial(java.lang.Object, java.lang.Object, java.lang.Object, java.lang.Object, java.lang.Object)'> (0x00000000c57862e0) 
thrown [t:\workspace\open\src\hotspot\share\interpreter\linkResolver.cpp, line 766]
Event: 5.574 Thread 0x00000229f2334270 Exception <a 'java/lang/IncompatibleClassChangeError'{0x00000000c57b70e8}: Found class java.lang.Object, but interface was expected> (0x00000000c57b70e8) 
thrown [t:\workspace\open\src\hotspot\share\interpreter\linkResolver.cpp, line 833]
Event: 5.594 Thread 0x00000229f268d440 Exception <a 'java/lang/NoClassDefFoundError'{0x00000000c56069a0}: jakarta/validation/Validation> (0x00000000c56069a0) 
thrown [t:\workspace\open\src\hotspot\share\classfile\systemDictionary.cpp, line 245]

VM Operations (20 events):
Event: 3.698 Executing VM operation: HandshakeAllThreads
Event: 3.698 Executing VM operation: HandshakeAllThreads done
Event: 3.698 Executing VM operation: Cleanup
Event: 3.698 Executing VM operation: Cleanup done
Event: 4.260 Executing VM operation: G1CollectForAllocation
Event: 4.271 Executing VM operation: G1CollectForAllocation done
Event: 4.837 Executing VM operation: HandshakeAllThreads
Event: 4.837 Executing VM operation: HandshakeAllThreads done
Event: 5.489 Executing VM operation: HandshakeAllThreads
Event: 5.489 Executing VM operation: HandshakeAllThreads done
Event: 5.489 Executing VM operation: Cleanup
Event: 5.489 Executing VM operation: Cleanup done
Event: 5.514 Executing VM operation: HandshakeAllThreads
Event: 5.514 Executing VM operation: HandshakeAllThreads done
Event: 6.367 Executing VM operation: HandshakeAllThreads
Event: 6.404 Executing VM operation: HandshakeAllThreads done
Event: 6.783 Executing VM operation: G1CollectForAllocation
Event: 6.822 Executing VM operation: G1CollectForAllocation done
Event: 7.218 Executing VM operation: HandshakeAllThreads
Event: 7.218 Executing VM operation: HandshakeAllThreads done

Events (20 events):
Event: 6.480 loading class jdk/internal/reflect/ClassDefiner
Event: 6.480 loading class jdk/internal/reflect/ClassDefiner done
Event: 6.480 loading class jdk/internal/reflect/ClassDefiner$1
Event: 6.480 loading class jdk/internal/reflect/ClassDefiner$1 done
Event: 6.481 loading class jdk/internal/reflect/BootstrapConstructorAccessorImpl
Event: 6.481 loading class jdk/internal/reflect/BootstrapConstructorAccessorImpl done
Event: 6.507 loading class java/io/CharArrayReader
Event: 6.517 loading class java/lang/annotation/Repeatable
Event: 6.518 loading class java/lang/annotation/Repeatable done
Event: 6.518 loading class java/io/CharArrayReader done
Event: 6.518 loading class java/io/StringReader
Event: 6.519 loading class java/io/StringReader done
Event: 6.752 loading class java/util/RegularEnumSet$EnumSetIterator
Event: 6.752 loading class java/util/RegularEnumSet$EnumSetIterator done
Event: 6.871 loading class jdk/internal/reflect/UnsafeObjectFieldAccessorImpl
Event: 6.871 loading class jdk/internal/reflect/UnsafeObjectFieldAccessorImpl done
Event: 7.271 loading class java/lang/Byte$ByteCache
Event: 7.271 loading class java/lang/Byte$ByteCache done
Event: 7.271 loading class java/lang/Short$ShortCache
Event: 7.272 loading class java/lang/Short$ShortCache done


Dynamic libraries:
0x00007ff66da60000 - 0x00007ff66da70000 	C:\Program Files\Java\jdk-17.0.1\bin\java.exe
0x00007ffea3d30000 - 0x00007ffea3f28000 	C:\Windows\SYSTEM32\ntdll.dll
0x00007ffea3050000 - 0x00007ffea310d000 	C:\Windows\System32\KERNEL32.DLL
0x00007ffea17d0000 - 0x00007ffea1ac6000 	C:\Windows\System32\KERNELBASE.dll
0x00007ffea1b00000 - 0x00007ffea1c00000 	C:\Windows\System32\ucrtbase.dll
0x00007ffe9d4c0000 - 0x00007ffe9d4da000 	C:\Program Files\Java\jdk-17.0.1\bin\VCRUNTIME140.dll
0x00007ffe73d30000 - 0x00007ffe73d48000 	C:\Program Files\Java\jdk-17.0.1\bin\jli.dll
0x00007ffea2b00000 - 0x00007ffea2baf000 	C:\Windows\System32\ADVAPI32.dll
0x00007ffea2600000 - 0x00007ffea269e000 	C:\Windows\System32\msvcrt.dll
0x00007ffea2a60000 - 0x00007ffea2afc000 	C:\Windows\System32\sechost.dll
0x00007ffea2bb0000 - 0x00007ffea2cd6000 	C:\Windows\System32\RPCRT4.dll
0x00007ffea2eb0000 - 0x00007ffea304e000 	C:\Windows\System32\USER32.dll
0x00007ffea1ad0000 - 0x00007ffea1af2000 	C:\Windows\System32\win32u.dll
0x00007ffea3cc0000 - 0x00007ffea3cec000 	C:\Windows\System32\GDI32.dll
0x00007ffea1620000 - 0x00007ffea173a000 	C:\Windows\System32\gdi32full.dll
0x00007ffea1cf0000 - 0x00007ffea1d8d000 	C:\Windows\System32\msvcp_win.dll
0x00007ffea0760000 - 0x00007ffea09fa000 	C:\Windows\WinSxS\amd64_microsoft.windows.common-controls_6595b64144ccf1df_6.0.19041.3636_none_60b6a03d71f818d5\COMCTL32.dll
0x00007ffe9eeb0000 - 0x00007ffe9eeba000 	C:\Windows\SYSTEM32\VERSION.dll
0x00007ffea1e60000 - 0x00007ffea1e90000 	C:\Windows\System32\IMM32.DLL
0x00007ffe9d4b0000 - 0x00007ffe9d4bc000 	C:\Program Files\Java\jdk-17.0.1\bin\vcruntime140_1.dll
0x00007ffe97110000 - 0x00007ffe9719d000 	C:\Program Files\Java\jdk-17.0.1\bin\msvcp140.dll
0x00007ffe5fe10000 - 0x00007ffe609ce000 	C:\Program Files\Java\jdk-17.0.1\bin\server\jvm.dll
0x00007ffea2520000 - 0x00007ffea2528000 	C:\Windows\System32\PSAPI.DLL
0x00007ffe90860000 - 0x00007ffe90869000 	C:\Windows\SYSTEM32\WSOCK32.dll
0x00007ffea3110000 - 0x00007ffea317b000 	C:\Windows\System32\WS2_32.dll
0x00007ffe89320000 - 0x00007ffe89347000 	C:\Windows\SYSTEM32\WINMM.dll
0x00007ffe9e490000 - 0x00007ffe9e4a2000 	C:\Windows\SYSTEM32\kernel.appcore.dll
0x00007ffe997e0000 - 0x00007ffe997ea000 	C:\Program Files\Java\jdk-17.0.1\bin\jimage.dll
0x00007ffea0da0000 - 0x00007ffea0f84000 	C:\Windows\SYSTEM32\DBGHELP.DLL
0x00007ffea0b40000 - 0x00007ffea0b74000 	C:\Windows\SYSTEM32\dbgcore.DLL
0x00007ffea1740000 - 0x00007ffea17c2000 	C:\Windows\System32\bcryptPrimitives.dll
0x00007ffe984e0000 - 0x00007ffe98505000 	C:\Program Files\Java\jdk-17.0.1\bin\java.dll
0x00007ffe971a0000 - 0x00007ffe97276000 	C:\Program Files\Java\jdk-17.0.1\bin\svml.dll
0x00007ffea3230000 - 0x00007ffea3974000 	C:\Windows\System32\SHELL32.dll
0x00007ffe9e6b0000 - 0x00007ffe9ee4b000 	C:\Windows\SYSTEM32\windows.storage.dll
0x00007ffea2700000 - 0x00007ffea2a54000 	C:\Windows\System32\combase.dll
0x00007ffea06f0000 - 0x00007ffea071d000 	C:\Windows\SYSTEM32\Wldp.dll
0x00007ffea2530000 - 0x00007ffea25dd000 	C:\Windows\System32\SHCORE.dll
0x00007ffea3ae0000 - 0x00007ffea3b35000 	C:\Windows\System32\shlwapi.dll
0x00007ffea1340000 - 0x00007ffea1365000 	C:\Windows\SYSTEM32\profapi.dll
0x00007ffe98560000 - 0x00007ffe98579000 	C:\Program Files\Java\jdk-17.0.1\bin\net.dll
0x00007ffe9a600000 - 0x00007ffe9a70a000 	C:\Windows\SYSTEM32\WINHTTP.dll
0x00007ffea0470000 - 0x00007ffea04da000 	C:\Windows\system32\mswsock.dll
0x00007ffe984c0000 - 0x00007ffe984d5000 	C:\Program Files\Java\jdk-17.0.1\bin\nio.dll
0x00007ffe984a0000 - 0x00007ffe984b8000 	C:\Program Files\Java\jdk-17.0.1\bin\zip.dll
0x00007ffe98470000 - 0x00007ffe98479000 	C:\Program Files\Java\jdk-17.0.1\bin\management.dll
0x00007ffe97ff0000 - 0x00007ffe97ffb000 	C:\Program Files\Java\jdk-17.0.1\bin\management_ext.dll

dbghelp: loaded successfully - version: 4.0.5 - missing functions: none
symbol engine: initialized successfully - sym options: 0x614 - pdb path: .;C:\Program Files\Java\jdk-17.0.1\bin;C:\Windows\SYSTEM32;C:\Windows\WinSxS\amd64_microsoft.windows.common-controls_6595b64144ccf1df_6.0.19041.3636_none_60b6a03d71f818d5;C:\Program Files\Java\jdk-17.0.1\bin\server

VM Arguments:
java_command: br.com.mercadinhosantacruz.caixa.CaixaApplication
java_class_path (initial): C:\Users\Luiz Eduardo\OneDrive\Documentos\NetBeansProjects\caixa\target\classes;C:\Users\Luiz Eduardo\.m2\repository\org\springframework\boot\spring-boot-starter-jdbc\3.1.5\spring-boot-starter-jdbc-3.1.5.jar;C:\Users\Luiz Eduardo\.m2\repository\org\springframework\boot\spring-boot-starter\3.1.5\spring-boot-starter-3.1.5.jar;C:\Users\Luiz Eduardo\.m2\repository\org\springframework\boot\spring-boot-starter-logging\3.1.5\spring-boot-starter-logging-3.1.5.jar;C:\Users\Luiz Eduardo\.m2\repository\ch\qos\logback\logback-classic\1.4.11\logback-classic-1.4.11.jar;C:\Users\Luiz Eduardo\.m2\repository\ch\qos\logback\logback-core\1.4.11\logback-core-1.4.11.jar;C:\Users\Luiz Eduardo\.m2\repository\org\apache\logging\log4j\log4j-to-slf4j\2.20.0\log4j-to-slf4j-2.20.0.jar;C:\Users\Luiz Eduardo\.m2\repository\org\apache\logging\log4j\log4j-api\2.20.0\log4j-api-2.20.0.jar;C:\Users\Luiz Eduardo\.m2\repository\org\slf4j\jul-to-slf4j\2.0.9\jul-to-slf4j-2.0.9.jar;C:\Users\Luiz Eduardo\.m2\repository\jakarta\annotation\jakarta.annotation-api\2.1.1\jakarta.annotation-api-2.1.1.jar;C:\Users\Luiz Eduardo\.m2\repository\org\yaml\snakeyaml\1.33\snakeyaml-1.33.jar;C:\Users\Luiz Eduardo\.m2\repository\com\zaxxer\HikariCP\5.0.1\HikariCP-5.0.1.jar;C:\Users\Luiz Eduardo\.m2\repository\org\slf4j\slf4j-api\2.0.9\slf4j-api-2.0.9.jar;C:\Users\Luiz Eduardo\.m2\repository\org\springframework\spring-jdbc\6.0.13\spring-jdbc-6.0.13.jar;C:\Users\Luiz Eduardo\.m2\repository\org\springframework\spring-beans\6.0.13\spring-beans-6.0.13.jar;C:\Users\Luiz Eduardo\.m2\repository\org\springframework\spring-tx\6.0.13\spring-tx-6.0.13.jar;C:\Users\Luiz Eduardo\.m2\repository\org\springframework\boot\spring-boot-starter-thymeleaf\3.1.5\spring-boot-starter-thymeleaf-3.1.5.jar;C:\Users\Luiz Eduardo\.m2\repository\org\thymeleaf\thymeleaf-spring6\3.1.2.RELEASE\thymeleaf-spring6-3.1.2.RELEASE.jar;C:\Users\Luiz Eduardo\.m2\repository\org\thymeleaf\thymeleaf\3.1.2.RELEASE\thymeleaf-3.1.2.RELEASE.
Launcher Type: SUN_STANDARD

[Global flags]
     intx CICompilerCount                          = 3                                         {product} {ergonomic}
     uint ConcGCThreads                            = 1                                         {product} {ergonomic}
     uint G1ConcRefinementThreads                  = 4                                         {product} {ergonomic}
   size_t G1HeapRegionSize                         = 1048576                                   {product} {ergonomic}
    uintx GCDrainStackTargetSize                   = 64                                        {product} {ergonomic}
   size_t InitialHeapSize                          = 65011712                                  {product} {ergonomic}
   size_t MarkStackSize                            = 4194304                                   {product} {ergonomic}
   size_t MaxHeapSize                              = 1038090240                                {product} {ergonomic}
   size_t MaxNewSize                               = 622854144                                 {product} {ergonomic}
   size_t MinHeapDeltaBytes                        = 1048576                                   {product} {ergonomic}
   size_t MinHeapSize                              = 8388608                                   {product} {ergonomic}
    uintx NonNMethodCodeHeapSize                   = 5832780                                {pd product} {ergonomic}
    uintx NonProfiledCodeHeapSize                  = 122912730                              {pd product} {ergonomic}
    uintx ProfiledCodeHeapSize                     = 122912730                              {pd product} {ergonomic}
    uintx ReservedCodeCacheSize                    = 251658240                              {pd product} {ergonomic}
     bool SegmentedCodeCache                       = true                                      {product} {ergonomic}
   size_t SoftMaxHeapSize                          = 1038090240                             {manageable} {ergonomic}
     bool UseCompressedClassPointers               = true                           {product lp64_product} {ergonomic}
     bool UseCompressedOops                        = true                           {product lp64_product} {ergonomic}
     bool UseG1GC                                  = true                                      {product} {ergonomic}
     bool UseLargePagesIndividualAllocation        = false                                  {pd product} {ergonomic}

Logging:
Log output configuration:
 #0: stdout all=warning uptime,level,tags
 #1: stderr all=off uptime,level,tags

Environment Variables:
JAVA_HOME=C:\Program Files\Java\jdk-17.0.1
PATH=C:\Program Files\Common Files\Oracle\Java\javapath;C:\Program Files (x86)\Common Files\Oracle\Java\javapath;C:\Windows\system32;C:\Windows;C:\Windows\System32\Wbem;C:\Windows\System32\WindowsPowerShell\v1.0\;C:\Windows\System32\OpenSSH\;C:\Users\Luiz Eduardo\AppData\Local\Microsoft\WindowsApps;;C:\Users\Luiz Eduardo\AppData\Local\Programs\Microsoft VS Code\bin
USERNAME=Luiz Eduardo
OS=Windows_NT
PROCESSOR_IDENTIFIER=Intel64 Family 6 Model 76 Stepping 4, GenuineIntel



---------------  S Y S T E M  ---------------

OS:
 Windows 10 , 64 bit Build 19041 (10.0.19041.3636)
OS uptime: 0 days 20:55 hours

CPU: total 4 (initial active 4) (4 cores per cpu, 1 threads per core) family 6 model 76 stepping 4 microcode 0x411, cx8, cmov, fxsr, mmx, 3dnowpref, sse, sse2, sse3, ssse3, sse4.1, sse4.2, popcnt, tsc, tscinvbit, aes, erms, clmul, clflush

Memory: 4k page, system-wide physical 3955M (353M free)
TotalPageFile size 4904M (AvailPageFile size 5M)
current process WorkingSet (physical memory assigned to process): 99M, peak: 99M
current process commit charge ("private bytes"): 165M, peak: 166M

vm_info: Java HotSpot(TM) 64-Bit Server VM (17.0.1+12-LTS-39) for windows-amd64 JRE (17.0.1+12-LTS-39), built on Sep 27 2021 18:41:35 by "mach5one" with MS VC++ 16.8 (VS2019)

END.
