#
# There is insufficient memory for the Java Runtime Environment to continue.
# Native memory allocation (mmap) failed to map 65011712 bytes for G1 virtual space
# Possible reasons:
#   The system is out of physical RAM or swap space
#   The process is running with CompressedOops enabled, and the Java Heap may be blocking the growth of the native heap
# Possible solutions:
#   Reduce memory load on the system
#   Increase physical memory or swap space
#   Check if swap backing store is full
#   Decrease Java heap size (-Xmx/-Xms)
#   Decrease number of Java threads
#   Decrease Java thread stack sizes (-Xss)
#   Set larger code cache with -XX:ReservedCodeCacheSize=
#   JVM is running with Unscaled Compressed Oops mode in which the Java heap is
#     placed in the first 4GB address space. The Java Heap base address is the
#     maximum limit for the native heap growth. Please use -XX:HeapBaseMinAddress
#     to set the Java Heap base and to place the Java Heap above 4GB virtual address.
# This output file may be truncated or incomplete.
#
#  Out of Memory Error (os_windows.cpp:3469), pid=1888, tid=11084
#
# JRE version:  (17.0.1+12) (build )
# Java VM: Java HotSpot(TM) 64-Bit Server VM (17.0.1+12-LTS-39, mixed mode, sharing, tiered, compressed oops, compressed class ptrs, g1 gc, windows-amd64)
# No core dump will be written. Minidumps are not enabled by default on client versions of Windows
#

---------------  S U M M A R Y ------------

Command Line: br.com.mercadinhosantacruz.caixa.CaixaApplication

Host: Intel(R) Atom(TM) x5-Z8350  CPU @ 1.44GHz, 4 cores, 3G,  Windows 10 , 64 bit Build 19041 (10.0.19041.3636)
Time: Fri Nov 24 13:31:18 2023 Hora Padrão de Buenos Aires elapsed time: 0.077247 seconds (0d 0h 0m 0s)

---------------  T H R E A D  ---------------

Current thread (0x000002ab916acfa0):  JavaThread "Unknown thread" [_thread_in_vm, id=11084, stack(0x000000c3acb00000,0x000000c3acc00000)]

Stack: [0x000000c3acb00000,0x000000c3acc00000]
Native frames: (J=compiled Java code, j=interpreted, Vv=VM code, C=native code)
V  [jvm.dll+0x66fa1a]
V  [jvm.dll+0x7ce5a4]
V  [jvm.dll+0x7cfd4e]
V  [jvm.dll+0x7d03b3]
V  [jvm.dll+0x242b05]
V  [jvm.dll+0x66ca39]
V  [jvm.dll+0x661502]
V  [jvm.dll+0x30081b]
V  [jvm.dll+0x307da6]
V  [jvm.dll+0x357a1e]
V  [jvm.dll+0x357c4f]
V  [jvm.dll+0x2d7ad8]
V  [jvm.dll+0x2d8a44]
V  [jvm.dll+0x7a01e1]
V  [jvm.dll+0x365791]
V  [jvm.dll+0x77f6cc]
V  [jvm.dll+0x3e812f]
V  [jvm.dll+0x3e9bd1]
C  [jli.dll+0x527b]
C  [ucrtbase.dll+0x21bb2]
C  [KERNEL32.DLL+0x17344]
C  [ntdll.dll+0x526b1]


---------------  P R O C E S S  ---------------

Threads class SMR info:
_java_thread_list=0x00007ffe608a7818, length=0, elements={
}

Java Threads: ( => current thread )

Other Threads:
  0x000002ab937879e0 GCTaskThread "GC Thread#0" [stack: 0x000000c3acc00000,0x000000c3acd00000] [id=3108]
  0x000002ab937904e0 ConcurrentGCThread "G1 Main Marker" [stack: 0x000000c3acd00000,0x000000c3ace00000] [id=10336]
  0x000002ab93791690 ConcurrentGCThread "G1 Conc#0" [stack: 0x000000c3ace00000,0x000000c3acf00000] [id=3004]

[error occurred during error reporting (printing all threads), id 0xc0000005, EXCEPTION_ACCESS_VIOLATION (0xc0000005) at pc=0x00007ffe600f84b7]

VM state: not at safepoint (not fully initialized)

VM Mutex/Monitor currently owned by a thread:  ([mutex/lock_event])
[0x000002ab937599d0] Heap_lock - owner thread: 0x000002ab916acfa0

Heap address: 0x00000000c2200000, size: 990 MB, Compressed Oops mode: 32-bit

CDS archive(s) mapped at: [0x0000000000000000-0x0000000000000000-0x0000000000000000), size 0, SharedBaseAddress: 0x0000000800000000, ArchiveRelocationMode: 0.
Narrow klass base: 0x0000000000000000, Narrow klass shift: 0, Narrow klass range: 0x0

GC Precious Log:
<Empty>

Heap:
 garbage-first heap   total 0K, used 0K [0x00000000c2200000, 0x0000000100000000)
  region size 1024K, 0 young (0K), 0 survivors (0K)

[error occurred during error reporting (printing heap information), id 0xc0000005, EXCEPTION_ACCESS_VIOLATION (0xc0000005) at pc=0x00007ffe604d8d89]

GC Heap History (0 events):
No events

Deoptimization events (0 events):
No events

Classes unloaded (0 events):
No events

Classes redefined (0 events):
No events

Internal exceptions (0 events):
No events

VM Operations (0 events):
No events

Events (1 events):
Event: 0.037 Loaded shared library C:\Program Files\Java\jdk-17.0.1\bin\java.dll


Dynamic libraries:
0x00007ff66da60000 - 0x00007ff66da70000 	C:\Program Files\Java\jdk-17.0.1\bin\java.exe
0x00007ffea3d30000 - 0x00007ffea3f28000 	C:\Windows\SYSTEM32\ntdll.dll
0x00007ffea3050000 - 0x00007ffea310d000 	C:\Windows\System32\KERNEL32.DLL
0x00007ffea17d0000 - 0x00007ffea1ac6000 	C:\Windows\System32\KERNELBASE.dll
0x00007ffea1b00000 - 0x00007ffea1c00000 	C:\Windows\System32\ucrtbase.dll
0x00007ffe9d4c0000 - 0x00007ffe9d4da000 	C:\Program Files\Java\jdk-17.0.1\bin\VCRUNTIME140.dll
0x00007ffe94d30000 - 0x00007ffe94d48000 	C:\Program Files\Java\jdk-17.0.1\bin\jli.dll
0x00007ffea2b00000 - 0x00007ffea2baf000 	C:\Windows\System32\ADVAPI32.dll
0x00007ffea2600000 - 0x00007ffea269e000 	C:\Windows\System32\msvcrt.dll
0x00007ffea2a60000 - 0x00007ffea2afc000 	C:\Windows\System32\sechost.dll
0x00007ffea2bb0000 - 0x00007ffea2cd6000 	C:\Windows\System32\RPCRT4.dll
0x00007ffea2eb0000 - 0x00007ffea304e000 	C:\Windows\System32\USER32.dll
0x00007ffea1ad0000 - 0x00007ffea1af2000 	C:\Windows\System32\win32u.dll
0x00007ffea0760000 - 0x00007ffea09fa000 	C:\Windows\WinSxS\amd64_microsoft.windows.common-controls_6595b64144ccf1df_6.0.19041.3636_none_60b6a03d71f818d5\COMCTL32.dll
0x00007ffea3cc0000 - 0x00007ffea3cec000 	C:\Windows\System32\GDI32.dll
0x00007ffea1620000 - 0x00007ffea173a000 	C:\Windows\System32\gdi32full.dll
0x00007ffea1cf0000 - 0x00007ffea1d8d000 	C:\Windows\System32\msvcp_win.dll
0x00007ffe9eeb0000 - 0x00007ffe9eeba000 	C:\Windows\SYSTEM32\VERSION.dll
0x00007ffea1e60000 - 0x00007ffea1e90000 	C:\Windows\System32\IMM32.DLL
0x00007ffe9d4b0000 - 0x00007ffe9d4bc000 	C:\Program Files\Java\jdk-17.0.1\bin\vcruntime140_1.dll
0x00007ffe97110000 - 0x00007ffe9719d000 	C:\Program Files\Java\jdk-17.0.1\bin\msvcp140.dll
0x00007ffe5fe10000 - 0x00007ffe609ce000 	C:\Program Files\Java\jdk-17.0.1\bin\server\jvm.dll
0x00007ffea2520000 - 0x00007ffea2528000 	C:\Windows\System32\PSAPI.DLL
0x00007ffe90860000 - 0x00007ffe90869000 	C:\Windows\SYSTEM32\WSOCK32.dll
0x00007ffe89320000 - 0x00007ffe89347000 	C:\Windows\SYSTEM32\WINMM.dll
0x00007ffea3110000 - 0x00007ffea317b000 	C:\Windows\System32\WS2_32.dll
0x00007ffe9e490000 - 0x00007ffe9e4a2000 	C:\Windows\SYSTEM32\kernel.appcore.dll
0x00007ffe997e0000 - 0x00007ffe997ea000 	C:\Program Files\Java\jdk-17.0.1\bin\jimage.dll
0x00007ffea0da0000 - 0x00007ffea0f84000 	C:\Windows\SYSTEM32\DBGHELP.DLL
0x00007ffea0b40000 - 0x00007ffea0b74000 	C:\Windows\SYSTEM32\dbgcore.DLL
0x00007ffea1740000 - 0x00007ffea17c2000 	C:\Windows\System32\bcryptPrimitives.dll
0x00007ffe984e0000 - 0x00007ffe98505000 	C:\Program Files\Java\jdk-17.0.1\bin\java.dll

dbghelp: loaded successfully - version: 4.0.5 - missing functions: none
symbol engine: initialized successfully - sym options: 0x614 - pdb path: .;C:\Program Files\Java\jdk-17.0.1\bin;C:\Windows\SYSTEM32;C:\Windows\WinSxS\amd64_microsoft.windows.common-controls_6595b64144ccf1df_6.0.19041.3636_none_60b6a03d71f818d5;C:\Program Files\Java\jdk-17.0.1\bin\server

VM Arguments:
java_command: br.com.mercadinhosantacruz.caixa.CaixaApplication
java_class_path (initial): C:\Users\Luiz Eduardo\OneDrive\Documentos\NetBeansProjects\caixa\target\classes;C:\Users\Luiz Eduardo\.m2\repository\org\springframework\boot\spring-boot-starter-jdbc\3.1.5\spring-boot-starter-jdbc-3.1.5.jar;C:\Users\Luiz Eduardo\.m2\repository\org\springframework\boot\spring-boot-starter\3.1.5\spring-boot-starter-3.1.5.jar;C:\Users\Luiz Eduardo\.m2\repository\org\springframework\boot\spring-boot-starter-logging\3.1.5\spring-boot-starter-logging-3.1.5.jar;C:\Users\Luiz Eduardo\.m2\repository\ch\qos\logback\logback-classic\1.4.11\logback-classic-1.4.11.jar;C:\Users\Luiz Eduardo\.m2\repository\ch\qos\logback\logback-core\1.4.11\logback-core-1.4.11.jar;C:\Users\Luiz Eduardo\.m2\repository\org\apache\logging\log4j\log4j-to-slf4j\2.20.0\log4j-to-slf4j-2.20.0.jar;C:\Users\Luiz Eduardo\.m2\repository\org\apache\logging\log4j\log4j-api\2.20.0\log4j-api-2.20.0.jar;C:\Users\Luiz Eduardo\.m2\repository\org\slf4j\jul-to-slf4j\2.0.9\jul-to-slf4j-2.0.9.jar;C:\Users\Luiz Eduardo\.m2\repository\jakarta\annotation\jakarta.annotation-api\2.1.1\jakarta.annotation-api-2.1.1.jar;C:\Users\Luiz Eduardo\.m2\repository\org\yaml\snakeyaml\1.33\snakeyaml-1.33.jar;C:\Users\Luiz Eduardo\.m2\repository\com\zaxxer\HikariCP\5.0.1\HikariCP-5.0.1.jar;C:\Users\Luiz Eduardo\.m2\repository\org\slf4j\slf4j-api\2.0.9\slf4j-api-2.0.9.jar;C:\Users\Luiz Eduardo\.m2\repository\org\springframework\spring-jdbc\6.0.13\spring-jdbc-6.0.13.jar;C:\Users\Luiz Eduardo\.m2\repository\org\springframework\spring-beans\6.0.13\spring-beans-6.0.13.jar;C:\Users\Luiz Eduardo\.m2\repository\org\springframework\spring-tx\6.0.13\spring-tx-6.0.13.jar;C:\Users\Luiz Eduardo\.m2\repository\org\springframework\boot\spring-boot-starter-thymeleaf\3.1.5\spring-boot-starter-thymeleaf-3.1.5.jar;C:\Users\Luiz Eduardo\.m2\repository\org\thymeleaf\thymeleaf-spring6\3.1.2.RELEASE\thymeleaf-spring6-3.1.2.RELEASE.jar;C:\Users\Luiz Eduardo\.m2\repository\org\thymeleaf\thymeleaf\3.1.2.RELEASE\thymeleaf-3.1.2.RELEASE.
Launcher Type: SUN_STANDARD

[Global flags]
     intx CICompilerCount                          = 3                                         {product} {ergonomic}
     uint ConcGCThreads                            = 1                                         {product} {ergonomic}
     uint G1ConcRefinementThreads                  = 4                                         {product} {ergonomic}
   size_t G1HeapRegionSize                         = 1048576                                   {product} {ergonomic}
    uintx GCDrainStackTargetSize                   = 64                                        {product} {ergonomic}
   size_t InitialHeapSize                          = 65011712                                  {product} {ergonomic}
   size_t MarkStackSize                            = 4194304                                   {product} {ergonomic}
   size_t MaxHeapSize                              = 1038090240                                {product} {ergonomic}
   size_t MinHeapDeltaBytes                        = 1048576                                   {product} {ergonomic}
   size_t MinHeapSize                              = 8388608                                   {product} {ergonomic}
    uintx NonNMethodCodeHeapSize                   = 5832780                                {pd product} {ergonomic}
    uintx NonProfiledCodeHeapSize                  = 122912730                              {pd product} {ergonomic}
    uintx ProfiledCodeHeapSize                     = 122912730                              {pd product} {ergonomic}
    uintx ReservedCodeCacheSize                    = 251658240                              {pd product} {ergonomic}
     bool SegmentedCodeCache                       = true                                      {product} {ergonomic}
   size_t SoftMaxHeapSize                          = 1038090240                             {manageable} {ergonomic}
     bool UseCompressedClassPointers               = true                           {product lp64_product} {ergonomic}
     bool UseCompressedOops                        = true                           {product lp64_product} {ergonomic}
     bool UseG1GC                                  = true                                      {product} {ergonomic}
     bool UseLargePagesIndividualAllocation        = false                                  {pd product} {ergonomic}

Logging:
Log output configuration:
 #0: stdout all=warning uptime,level,tags
 #1: stderr all=off uptime,level,tags

Environment Variables:
JAVA_HOME=C:\Program Files\Java\jdk-17.0.1
PATH=C:\Program Files\Common Files\Oracle\Java\javapath;C:\Program Files (x86)\Common Files\Oracle\Java\javapath;C:\Windows\system32;C:\Windows;C:\Windows\System32\Wbem;C:\Windows\System32\WindowsPowerShell\v1.0\;C:\Windows\System32\OpenSSH\;C:\Users\Luiz Eduardo\AppData\Local\Microsoft\WindowsApps;;C:\Users\Luiz Eduardo\AppData\Local\Programs\Microsoft VS Code\bin
USERNAME=Luiz Eduardo
OS=Windows_NT
PROCESSOR_IDENTIFIER=Intel64 Family 6 Model 76 Stepping 4, GenuineIntel



---------------  S Y S T E M  ---------------

OS:
 Windows 10 , 64 bit Build 19041 (10.0.19041.3636)
OS uptime: 0 days 20:48 hours

CPU: total 4 (initial active 4) (4 cores per cpu, 1 threads per core) family 6 model 76 stepping 4 microcode 0x411, cx8, cmov, fxsr, mmx, 3dnowpref, sse, sse2, sse3, ssse3, sse4.1, sse4.2, popcnt, tsc, tscinvbit, aes, erms, clmul, clflush

Memory: 4k page, system-wide physical 3955M (365M free)
TotalPageFile size 4904M (AvailPageFile size 16M)
current process WorkingSet (physical memory assigned to process): 10M, peak: 10M
current process commit charge ("private bytes"): 51M, peak: 113M

vm_info: Java HotSpot(TM) 64-Bit Server VM (17.0.1+12-LTS-39) for windows-amd64 JRE (17.0.1+12-LTS-39), built on Sep 27 2021 18:41:35 by "mach5one" with MS VC++ 16.8 (VS2019)

END.
