#
# There is insufficient memory for the Java Runtime Environment to continue.
# Native memory allocation (malloc) failed to allocate 775120 bytes for Chunk::new
# Possible reasons:
#   The system is out of physical RAM or swap space
#   The process is running with CompressedOops enabled, and the Java Heap may be blocking the growth of the native heap
# Possible solutions:
#   Reduce memory load on the system
#   Increase physical memory or swap space
#   Check if swap backing store is full
#   Decrease Java heap size (-Xmx/-Xms)
#   Decrease number of Java threads
#   Decrease Java thread stack sizes (-Xss)
#   Set larger code cache with -XX:ReservedCodeCacheSize=
#   JVM is running with Unscaled Compressed Oops mode in which the Java heap is
#     placed in the first 4GB address space. The Java Heap base address is the
#     maximum limit for the native heap growth. Please use -XX:HeapBaseMinAddress
#     to set the Java Heap base and to place the Java Heap above 4GB virtual address.
# This output file may be truncated or incomplete.
#
#  Out of Memory Error (arena.cpp:189), pid=9160, tid=7936
#
# JRE version: Java(TM) SE Runtime Environment (17.0.1+12) (build 17.0.1+12-LTS-39)
# Java VM: Java HotSpot(TM) 64-Bit Server VM (17.0.1+12-LTS-39, mixed mode, sharing, tiered, compressed oops, compressed class ptrs, g1 gc, windows-amd64)
# No core dump will be written. Minidumps are not enabled by default on client versions of Windows
#

---------------  S U M M A R Y ------------

Command Line: -Dmaven.multiModuleProjectDirectory=C:\Users\Luiz Eduardo\OneDrive\Documentos\NetBeansProjects\caixa org.apache.maven.wrapper.MavenWrapperMain -Dexec.vmArgs= -Dexec.args=${exec.vmArgs} -classpath %classpath ${exec.mainClass} ${exec.appArgs} -Dexec.appArgs= -Dexec.mainClass=br.com.mercadinhosantacruz.caixa.CaixaApplication -Dexec.executable=C:\Program Files\Java\jdk-17.0.1\bin\java.exe -Dmaven.ext.class.path=C:\Program Files\NetBeans-19\netbeans\java\maven-nblib\netbeans-eventspy.jar -Dfile.encoding=UTF-8 --no-transfer-progress process-classes org.codehaus.mojo:exec-maven-plugin:3.1.0:exec

Host: Intel(R) Atom(TM) x5-Z8350  CPU @ 1.44GHz, 4 cores, 3G,  Windows 10 , 64 bit Build 19041 (10.0.19041.3636)
Time: Fri Nov 24 14:21:32 2023 Hora Padrão de Buenos Aires elapsed time: 18.477222 seconds (0d 0h 0m 18s)

---------------  T H R E A D  ---------------

Current thread (0x0000016494ad7320):  JavaThread "C2 CompilerThread0" daemon [_thread_in_native, id=7936, stack(0x00000004dd100000,0x00000004dd200000)]


Current CompileTask:
C2:  18477 4372       4       org.codehaus.plexus.util.xml.Xpp3DomBuilder::build (413 bytes)

Stack: [0x00000004dd100000,0x00000004dd200000]
Native frames: (J=compiled Java code, j=interpreted, Vv=VM code, C=native code)
V  [jvm.dll+0x66fa1a]
V  [jvm.dll+0x7ce5a4]
V  [jvm.dll+0x7cfd4e]
V  [jvm.dll+0x7d03b3]
V  [jvm.dll+0x242b05]
V  [jvm.dll+0xaa05b]
V  [jvm.dll+0xaa5ec]
V  [jvm.dll+0x35fa07]
V  [jvm.dll+0x1b9918]
V  [jvm.dll+0x215d49]
V  [jvm.dll+0x215011]
V  [jvm.dll+0x1a168d]
V  [jvm.dll+0x224848]
V  [jvm.dll+0x2229ac]
V  [jvm.dll+0x78435b]
V  [jvm.dll+0x77e91a]
V  [jvm.dll+0x66e845]
C  [ucrtbase.dll+0x21bb2]
C  [KERNEL32.DLL+0x17344]
C  [ntdll.dll+0x526b1]


---------------  P R O C E S S  ---------------

Threads class SMR info:
_java_thread_list=0x00000164b20ca6b0, length=13, elements={
0x00000164949fea60, 0x0000016494ab2ca0, 0x0000016494ab3a20, 0x0000016494ac6710,
0x0000016494ac9ff0, 0x0000016494aca8b0, 0x0000016494acb170, 0x0000016494ad7320,
0x0000016494ad9c40, 0x0000016494ade560, 0x00000164b084fcb0, 0x00000164b08569c0,
0x00000164b17b2410
}

Java Threads: ( => current thread )
  0x00000164949fea60 JavaThread "main" [_thread_in_native, id=6580, stack(0x00000004dc400000,0x00000004dc500000)]
  0x0000016494ab2ca0 JavaThread "Reference Handler" daemon [_thread_blocked, id=7284, stack(0x00000004dcb00000,0x00000004dcc00000)]
  0x0000016494ab3a20 JavaThread "Finalizer" daemon [_thread_blocked, id=10440, stack(0x00000004dcc00000,0x00000004dcd00000)]
  0x0000016494ac6710 JavaThread "Signal Dispatcher" daemon [_thread_blocked, id=11096, stack(0x00000004dcd00000,0x00000004dce00000)]
  0x0000016494ac9ff0 JavaThread "Attach Listener" daemon [_thread_blocked, id=6588, stack(0x00000004dce00000,0x00000004dcf00000)]
  0x0000016494aca8b0 JavaThread "Service Thread" daemon [_thread_blocked, id=10148, stack(0x00000004dcf00000,0x00000004dd000000)]
  0x0000016494acb170 JavaThread "Monitor Deflation Thread" daemon [_thread_blocked, id=10548, stack(0x00000004dd000000,0x00000004dd100000)]
=>0x0000016494ad7320 JavaThread "C2 CompilerThread0" daemon [_thread_in_native, id=7936, stack(0x00000004dd100000,0x00000004dd200000)]
  0x0000016494ad9c40 JavaThread "C1 CompilerThread0" daemon [_thread_blocked, id=6744, stack(0x00000004dd200000,0x00000004dd300000)]
  0x0000016494ade560 JavaThread "Sweeper thread" daemon [_thread_blocked, id=10332, stack(0x00000004dd300000,0x00000004dd400000)]
  0x00000164b084fcb0 JavaThread "Notification Thread" daemon [_thread_blocked, id=9976, stack(0x00000004dd400000,0x00000004dd500000)]
  0x00000164b08569c0 JavaThread "Common-Cleaner" daemon [_thread_blocked, id=10524, stack(0x00000004dd600000,0x00000004dd700000)]
  0x00000164b17b2410 JavaThread "C2 CompilerThread1" daemon [_thread_blocked, id=252, stack(0x00000004dda00000,0x00000004ddb00000)]

Other Threads:
  0x0000016494aad180 VMThread "VM Thread" [stack: 0x00000004dca00000,0x00000004dcb00000] [id=8072]
  0x0000016494a43610 WatcherThread [stack: 0x00000004dd500000,0x00000004dd600000] [id=9464]
  0x0000016494a2f3e0 GCTaskThread "GC Thread#0" [stack: 0x00000004dc500000,0x00000004dc600000] [id=436]
  0x00000164b10d4a20 GCTaskThread "GC Thread#1" [stack: 0x00000004dd700000,0x00000004dd800000] [id=7252]
  0x00000164b105b050 GCTaskThread "GC Thread#2" [stack: 0x00000004dd800000,0x00000004dd900000] [id=2228]
  0x00000164b14cf9a0 GCTaskThread "GC Thread#3" [stack: 0x00000004dd900000,0x00000004dda00000] [id=1084]
  0x0000016494a37e00 ConcurrentGCThread "G1 Main Marker" [stack: 0x00000004dc600000,0x00000004dc700000] [id=9416]
  0x0000016494a38ec0 ConcurrentGCThread "G1 Conc#0" [stack: 0x00000004dc700000,0x00000004dc800000] [id=7592]
  0x0000016494a78ba0 ConcurrentGCThread "G1 Refine#0" [stack: 0x00000004dc800000,0x00000004dc900000] [id=8660]
  0x0000016494a794d0 ConcurrentGCThread "G1 Service" [stack: 0x00000004dc900000,0x00000004dca00000] [id=6556]

Threads with active compile tasks:
C2 CompilerThread0    18636 4372       4       org.codehaus.plexus.util.xml.Xpp3DomBuilder::build (413 bytes)

VM state: not at safepoint (normal execution)

VM Mutex/Monitor currently owned by a thread: None

Heap address: 0x00000000c2200000, size: 990 MB, Compressed Oops mode: 32-bit

CDS archive(s) mapped at: [0x0000000800000000-0x0000000800bc0000-0x0000000800bc0000), size 12320768, SharedBaseAddress: 0x0000000800000000, ArchiveRelocationMode: 0.
Compressed class space mapped at: 0x0000000800c00000-0x0000000840c00000, reserved size: 1073741824
Narrow klass base: 0x0000000800000000, Narrow klass shift: 0, Narrow klass range: 0x100000000

GC Precious Log:
 CPUs: 4 total, 4 available
 Memory: 3955M
 Large Page Support: Disabled
 NUMA Support: Disabled
 Compressed Oops: Enabled (32-bit)
 Heap Region Size: 1M
 Heap Min Capacity: 8M
 Heap Initial Capacity: 62M
 Heap Max Capacity: 990M
 Pre-touch: Disabled
 Parallel Workers: 4
 Concurrent Workers: 1
 Concurrent Refinement Workers: 4
 Periodic GC: Disabled

Heap:
 garbage-first heap   total 76800K, used 64579K [0x00000000c2200000, 0x0000000100000000)
  region size 1024K, 20 young (20480K), 1 survivors (1024K)
 Metaspace       used 18144K, committed 18432K, reserved 1064960K
  class space    used 2080K, committed 2240K, reserved 1048576K

Heap Regions: E=young(eden), S=young(survivor), O=old, HS=humongous(starts), HC=humongous(continues), CS=collection set, F=free, OA=open archive, CA=closed archive, TAMS=top-at-mark-start (previous, next)
|   0|0x00000000c2200000, 0x00000000c2300000, 0x00000000c2300000|100%| O|  |TAMS 0x00000000c2200000, 0x00000000c2300000| Untracked 
|   1|0x00000000c2300000, 0x00000000c2400000, 0x00000000c2400000|100%| O|  |TAMS 0x00000000c2300000, 0x00000000c2400000| Untracked 
|   2|0x00000000c2400000, 0x00000000c2500000, 0x00000000c2500000|100%| O|  |TAMS 0x00000000c2400000, 0x00000000c2500000| Untracked 
|   3|0x00000000c2500000, 0x00000000c2600000, 0x00000000c2600000|100%| O|  |TAMS 0x00000000c2500000, 0x00000000c2600000| Untracked 
|   4|0x00000000c2600000, 0x00000000c2700000, 0x00000000c2700000|100%| O|  |TAMS 0x00000000c2600000, 0x00000000c2700000| Untracked 
|   5|0x00000000c2700000, 0x00000000c2800000, 0x00000000c2800000|100%| O|  |TAMS 0x00000000c2700000, 0x00000000c2800000| Untracked 
|   6|0x00000000c2800000, 0x00000000c2900000, 0x00000000c2900000|100%| O|  |TAMS 0x00000000c2800000, 0x00000000c2900000| Untracked 
|   7|0x00000000c2900000, 0x00000000c2a00000, 0x00000000c2a00000|100%| O|  |TAMS 0x00000000c2900000, 0x00000000c2a00000| Untracked 
|   8|0x00000000c2a00000, 0x00000000c2b00000, 0x00000000c2b00000|100%| O|  |TAMS 0x00000000c2a00000, 0x00000000c2b00000| Untracked 
|   9|0x00000000c2b00000, 0x00000000c2c00000, 0x00000000c2c00000|100%| O|  |TAMS 0x00000000c2b00000, 0x00000000c2c00000| Untracked 
|  10|0x00000000c2c00000, 0x00000000c2d00000, 0x00000000c2d00000|100%| O|  |TAMS 0x00000000c2c00000, 0x00000000c2c94e00| Untracked 
|  11|0x00000000c2d00000, 0x00000000c2e00000, 0x00000000c2e00000|100%|HS|  |TAMS 0x00000000c2d00000, 0x00000000c2e00000| Complete 
|  12|0x00000000c2e00000, 0x00000000c2f00000, 0x00000000c2f00000|100%|HC|  |TAMS 0x00000000c2e00000, 0x00000000c2f00000| Complete 
|  13|0x00000000c2f00000, 0x00000000c3000000, 0x00000000c3000000|100%|HC|  |TAMS 0x00000000c2f00000, 0x00000000c3000000| Complete 
|  14|0x00000000c3000000, 0x00000000c3100000, 0x00000000c3100000|100%|HC|  |TAMS 0x00000000c3000000, 0x00000000c3100000| Complete 
|  15|0x00000000c3100000, 0x00000000c3200000, 0x00000000c3200000|100%|HC|  |TAMS 0x00000000c3100000, 0x00000000c3200000| Complete 
|  16|0x00000000c3200000, 0x00000000c3300000, 0x00000000c3300000|100%|HC|  |TAMS 0x00000000c3200000, 0x00000000c3300000| Complete 
|  17|0x00000000c3300000, 0x00000000c3400000, 0x00000000c3400000|100%|HC|  |TAMS 0x00000000c3300000, 0x00000000c3400000| Complete 
|  18|0x00000000c3400000, 0x00000000c3500000, 0x00000000c3500000|100%|HC|  |TAMS 0x00000000c3400000, 0x00000000c3500000| Complete 
|  19|0x00000000c3500000, 0x00000000c3600000, 0x00000000c3600000|100%|HS|  |TAMS 0x00000000c3500000, 0x00000000c3600000| Complete 
|  20|0x00000000c3600000, 0x00000000c3700000, 0x00000000c3700000|100%|HC|  |TAMS 0x00000000c3600000, 0x00000000c3700000| Complete 
|  21|0x00000000c3700000, 0x00000000c3800000, 0x00000000c3800000|100%|HC|  |TAMS 0x00000000c3700000, 0x00000000c3800000| Complete 
|  22|0x00000000c3800000, 0x00000000c3900000, 0x00000000c3900000|100%|HC|  |TAMS 0x00000000c3800000, 0x00000000c3900000| Complete 
|  23|0x00000000c3900000, 0x00000000c3a00000, 0x00000000c3a00000|100%|HC|  |TAMS 0x00000000c3900000, 0x00000000c3a00000| Complete 
|  24|0x00000000c3a00000, 0x00000000c3b00000, 0x00000000c3b00000|100%|HC|  |TAMS 0x00000000c3a00000, 0x00000000c3b00000| Complete 
|  25|0x00000000c3b00000, 0x00000000c3c00000, 0x00000000c3c00000|100%|HC|  |TAMS 0x00000000c3b00000, 0x00000000c3c00000| Complete 
|  26|0x00000000c3c00000, 0x00000000c3d00000, 0x00000000c3d00000|100%|HC|  |TAMS 0x00000000c3c00000, 0x00000000c3d00000| Complete 
|  27|0x00000000c3d00000, 0x00000000c3e00000, 0x00000000c3e00000|100%|HC|  |TAMS 0x00000000c3d00000, 0x00000000c3e00000| Complete 
|  28|0x00000000c3e00000, 0x00000000c3f00000, 0x00000000c3f00000|100%|HC|  |TAMS 0x00000000c3e00000, 0x00000000c3f00000| Complete 
|  29|0x00000000c3f00000, 0x00000000c4000000, 0x00000000c4000000|100%|HC|  |TAMS 0x00000000c3f00000, 0x00000000c4000000| Complete 
|  30|0x00000000c4000000, 0x00000000c4100000, 0x00000000c4100000|100%|HC|  |TAMS 0x00000000c4000000, 0x00000000c4100000| Complete 
|  31|0x00000000c4100000, 0x00000000c4200000, 0x00000000c4200000|100%| O|  |TAMS 0x00000000c4100000, 0x00000000c4100000| Untracked 
|  32|0x00000000c4200000, 0x00000000c4262800, 0x00000000c4300000| 38%| O|  |TAMS 0x00000000c4200000, 0x00000000c4200000| Untracked 
|  33|0x00000000c4300000, 0x00000000c4400000, 0x00000000c4400000|100%|HS|  |TAMS 0x00000000c4300000, 0x00000000c4300000| Complete 
|  34|0x00000000c4400000, 0x00000000c4500000, 0x00000000c4500000|100%|HC|  |TAMS 0x00000000c4400000, 0x00000000c4400000| Complete 
|  35|0x00000000c4500000, 0x00000000c4600000, 0x00000000c4600000|100%|HC|  |TAMS 0x00000000c4500000, 0x00000000c4500000| Complete 
|  36|0x00000000c4600000, 0x00000000c4700000, 0x00000000c4700000|100%|HC|  |TAMS 0x00000000c4600000, 0x00000000c4600000| Complete 
|  37|0x00000000c4700000, 0x00000000c4800000, 0x00000000c4800000|100%|HC|  |TAMS 0x00000000c4700000, 0x00000000c4700000| Complete 
|  38|0x00000000c4800000, 0x00000000c4900000, 0x00000000c4900000|100%|HC|  |TAMS 0x00000000c4800000, 0x00000000c4800000| Complete 
|  39|0x00000000c4900000, 0x00000000c4a00000, 0x00000000c4a00000|100%|HC|  |TAMS 0x00000000c4900000, 0x00000000c4900000| Complete 
|  40|0x00000000c4a00000, 0x00000000c4b00000, 0x00000000c4b00000|100%|HC|  |TAMS 0x00000000c4a00000, 0x00000000c4a00000| Complete 
|  41|0x00000000c4b00000, 0x00000000c4c00000, 0x00000000c4c00000|100%|HC|  |TAMS 0x00000000c4b00000, 0x00000000c4b00000| Complete 
|  42|0x00000000c4c00000, 0x00000000c4d00000, 0x00000000c4d00000|100%|HC|  |TAMS 0x00000000c4c00000, 0x00000000c4c00000| Complete 
|  43|0x00000000c4d00000, 0x00000000c4e00000, 0x00000000c4e00000|100%|HC|  |TAMS 0x00000000c4d00000, 0x00000000c4d00000| Complete 
|  44|0x00000000c4e00000, 0x00000000c4f00000, 0x00000000c4f00000|100%|HC|  |TAMS 0x00000000c4e00000, 0x00000000c4e00000| Complete 
|  45|0x00000000c4f00000, 0x00000000c4f00000, 0x00000000c5000000|  0%| F|  |TAMS 0x00000000c4f00000, 0x00000000c4f00000| Untracked 
|  46|0x00000000c5000000, 0x00000000c5000000, 0x00000000c5100000|  0%| F|  |TAMS 0x00000000c5000000, 0x00000000c5000000| Untracked 
|  47|0x00000000c5100000, 0x00000000c5100000, 0x00000000c5200000|  0%| F|  |TAMS 0x00000000c5100000, 0x00000000c5100000| Untracked 
|  48|0x00000000c5200000, 0x00000000c5200000, 0x00000000c5300000|  0%| F|  |TAMS 0x00000000c5200000, 0x00000000c5200000| Untracked 
|  49|0x00000000c5300000, 0x00000000c5300000, 0x00000000c5400000|  0%| F|  |TAMS 0x00000000c5300000, 0x00000000c5300000| Untracked 
|  50|0x00000000c5400000, 0x00000000c5400000, 0x00000000c5500000|  0%| F|  |TAMS 0x00000000c5400000, 0x00000000c5400000| Untracked 
|  51|0x00000000c5500000, 0x00000000c5500000, 0x00000000c5600000|  0%| F|  |TAMS 0x00000000c5500000, 0x00000000c5500000| Untracked 
|  52|0x00000000c5600000, 0x00000000c5600000, 0x00000000c5700000|  0%| F|  |TAMS 0x00000000c5600000, 0x00000000c5600000| Untracked 
|  53|0x00000000c5700000, 0x00000000c5700000, 0x00000000c5800000|  0%| F|  |TAMS 0x00000000c5700000, 0x00000000c5700000| Untracked 
|  54|0x00000000c5800000, 0x00000000c5800000, 0x00000000c5900000|  0%| F|  |TAMS 0x00000000c5800000, 0x00000000c5800000| Untracked 
|  55|0x00000000c5900000, 0x00000000c5a00000, 0x00000000c5a00000|100%| E|  |TAMS 0x00000000c5900000, 0x00000000c5900000| Complete 
|  56|0x00000000c5a00000, 0x00000000c5b00000, 0x00000000c5b00000|100%| E|CS|TAMS 0x00000000c5a00000, 0x00000000c5a00000| Complete 
|  57|0x00000000c5b00000, 0x00000000c5c00000, 0x00000000c5c00000|100%| E|CS|TAMS 0x00000000c5b00000, 0x00000000c5b00000| Complete 
|  58|0x00000000c5c00000, 0x00000000c5d00000, 0x00000000c5d00000|100%| E|CS|TAMS 0x00000000c5c00000, 0x00000000c5c00000| Complete 
|  59|0x00000000c5d00000, 0x00000000c5e00000, 0x00000000c5e00000|100%| E|CS|TAMS 0x00000000c5d00000, 0x00000000c5d00000| Complete 
|  60|0x00000000c5e00000, 0x00000000c5eae6a8, 0x00000000c5f00000| 68%| S|CS|TAMS 0x00000000c5e00000, 0x00000000c5e00000| Complete 
|  61|0x00000000c5f00000, 0x00000000c6000000, 0x00000000c6000000|100%| E|CS|TAMS 0x00000000c5f00000, 0x00000000c5f00000| Complete 
|  62|0x00000000c6000000, 0x00000000c6100000, 0x00000000c6100000|100%| E|CS|TAMS 0x00000000c6000000, 0x00000000c6000000| Complete 
|  63|0x00000000c6100000, 0x00000000c6200000, 0x00000000c6200000|100%| E|CS|TAMS 0x00000000c6100000, 0x00000000c6100000| Complete 
|  64|0x00000000c6200000, 0x00000000c6300000, 0x00000000c6300000|100%| E|CS|TAMS 0x00000000c6200000, 0x00000000c6200000| Complete 
|  65|0x00000000c6300000, 0x00000000c6400000, 0x00000000c6400000|100%| E|CS|TAMS 0x00000000c6300000, 0x00000000c6300000| Complete 
|  66|0x00000000c6400000, 0x00000000c6500000, 0x00000000c6500000|100%| E|CS|TAMS 0x00000000c6400000, 0x00000000c6400000| Complete 
|  67|0x00000000c6500000, 0x00000000c6600000, 0x00000000c6600000|100%| E|CS|TAMS 0x00000000c6500000, 0x00000000c6500000| Complete 
|  68|0x00000000c6600000, 0x00000000c6700000, 0x00000000c6700000|100%| E|CS|TAMS 0x00000000c6600000, 0x00000000c6600000| Complete 
|  69|0x00000000c6700000, 0x00000000c6800000, 0x00000000c6800000|100%| E|CS|TAMS 0x00000000c6700000, 0x00000000c6700000| Complete 
|  70|0x00000000c6800000, 0x00000000c6900000, 0x00000000c6900000|100%| E|CS|TAMS 0x00000000c6800000, 0x00000000c6800000| Complete 
|  71|0x00000000c6900000, 0x00000000c6a00000, 0x00000000c6a00000|100%| E|CS|TAMS 0x00000000c6900000, 0x00000000c6900000| Complete 
|  72|0x00000000c6a00000, 0x00000000c6b00000, 0x00000000c6b00000|100%| E|CS|TAMS 0x00000000c6a00000, 0x00000000c6a00000| Complete 
|  73|0x00000000c6b00000, 0x00000000c6c00000, 0x00000000c6c00000|100%| E|CS|TAMS 0x00000000c6b00000, 0x00000000c6b00000| Complete 
|  74|0x00000000c6c00000, 0x00000000c6d00000, 0x00000000c6d00000|100%| E|CS|TAMS 0x00000000c6c00000, 0x00000000c6c00000| Complete 

Card table byte_map: [0x00000164ab400000,0x00000164ab5f0000] _byte_map_base: 0x00000164aadef000

Marking Bits (Prev, Next): (CMBitMap*) 0x0000016494a2f900, (CMBitMap*) 0x0000016494a2f940
 Prev Bits: [0x00000164ab7e0000, 0x00000164ac758000)
 Next Bits: [0x00000164ac760000, 0x00000164ad6d8000)

Polling page: 0x0000016492bb0000

Metaspace:

Usage:
  Non-class:     15.69 MB used.
      Class:      2.03 MB used.
       Both:     17.72 MB used.

Virtual space:
  Non-class space:       16.00 MB reserved,      15.81 MB ( 99%) committed,  2 nodes.
      Class space:        1.00 GB reserved,       2.19 MB ( <1%) committed,  1 nodes.
             Both:        1.02 GB reserved,      18.00 MB (  2%) committed. 

Chunk freelists:
   Non-Class:  0 bytes
       Class:  1.74 MB
        Both:  1.74 MB

MaxMetaspaceSize: unlimited
CompressedClassSpaceSize: 1.00 GB
Initial GC threshold: 21.00 MB
Current GC threshold: 21.00 MB
CDS: on
MetaspaceReclaimPolicy: balanced
 - commit_granule_bytes: 65536.
 - commit_granule_words: 8192.
 - virtual_space_node_default_size: 1048576.
 - enlarge_chunks_in_place: 1.
 - new_chunks_are_fully_committed: 0.
 - uncommit_free_chunks: 1.
 - use_allocation_guard: 0.
 - handle_deallocations: 1.


Internal statistics:

num_allocs_failed_limit: 0.
num_arena_births: 136.
num_arena_deaths: 0.
num_vsnodes_births: 3.
num_vsnodes_deaths: 0.
num_space_committed: 288.
num_space_uncommitted: 0.
num_chunks_returned_to_freelist: 0.
num_chunks_taken_from_freelist: 789.
num_chunk_merges: 0.
num_chunk_splits: 530.
num_chunks_enlarged: 422.
num_purges: 0.
num_inconsistent_stats: 0.

CodeHeap 'non-profiled nmethods': size=120000Kb used=2123Kb max_used=2123Kb free=117876Kb
 bounds [0x00000164a3ce0000, 0x00000164a3f50000, 0x00000164ab210000]
CodeHeap 'profiled nmethods': size=120000Kb used=9294Kb max_used=9294Kb free=110705Kb
 bounds [0x000001649c7b0000, 0x000001649d0d0000, 0x00000164a3ce0000]
CodeHeap 'non-nmethods': size=5760Kb used=1175Kb max_used=1221Kb free=4584Kb
 bounds [0x000001649c210000, 0x000001649c480000, 0x000001649c7b0000]
 total_blobs=4890 nmethods=4420 adapters=383
 compilation: enabled
              stopped_count=0, restarted_count=0
 full_count=0

Compilation events (20 events):
Event: 18.224 Thread 0x0000016494ad9c40 nmethod 4406 0x000001649d0b0110 code [0x000001649d0b0400, 0x000001649d0b1538]
Event: 18.244 Thread 0x00000164b17b2410 nmethod 4398 0x00000164a3eee590 code [0x00000164a3eee720, 0x00000164a3eeed58]
Event: 18.245 Thread 0x00000164b17b2410 4397       4       java.util.WeakHashMap::get (75 bytes)
Event: 18.257 Thread 0x0000016494ad9c40 4407       3       java.lang.ProcessEnvironment$NameComparator::compare (90 bytes)
Event: 18.261 Thread 0x0000016494ad9c40 nmethod 4407 0x000001649d0b1e90 code [0x000001649d0b21a0, 0x000001649d0b3498]
Event: 18.261 Thread 0x0000016494ad9c40 4408       3       java.lang.ProcessEnvironment$CheckedEntry::getKey (5 bytes)
Event: 18.262 Thread 0x0000016494ad9c40 nmethod 4408 0x000001649d0b3d90 code [0x000001649d0b3f40, 0x000001649d0b4288]
Event: 18.262 Thread 0x0000016494ad9c40 4409       3       java.lang.ProcessEnvironment$CheckedEntry::getKey (13 bytes)
Event: 18.263 Thread 0x0000016494ad9c40 nmethod 4409 0x000001649d0b4390 code [0x000001649d0b4540, 0x000001649d0b4808]
Event: 18.286 Thread 0x0000016494ad9c40 4411       3       java.lang.invoke.MethodHandles$Lookup::checkSecurityManager (97 bytes)
Event: 18.299 Thread 0x0000016494ad9c40 nmethod 4411 0x000001649d0b4910 code [0x000001649d0b4e80, 0x000001649d0b7bd8]
Event: 18.299 Thread 0x0000016494ad9c40 4416       3       sun.invoke.util.BytecodeDescriptor::unparseMethod (66 bytes)
Event: 18.301 Thread 0x0000016494ad9c40 nmethod 4416 0x000001649d0b8910 code [0x000001649d0b8b40, 0x000001649d0b91c8]
Event: 18.301 Thread 0x0000016494ad9c40 4418       3       java.lang.invoke.LambdaForm$NamedFunction::methodType (23 bytes)
Event: 18.302 Thread 0x0000016494ad9c40 nmethod 4418 0x000001649d0b9490 code [0x000001649d0b9640, 0x000001649d0b9888]
Event: 18.302 Thread 0x0000016494ad9c40 4420       3       sun.invoke.util.VerifyAccess::isTypeVisible (47 bytes)
Event: 18.304 Thread 0x0000016494ad9c40 nmethod 4420 0x000001649d0b9990 code [0x000001649d0b9b80, 0x000001649d0b9f98]
Event: 18.304 Thread 0x0000016494ad9c40 4419       3       jdk.internal.misc.VM::isSystemDomainLoader (17 bytes)
Event: 18.306 Thread 0x0000016494ad9c40 nmethod 4419 0x000001649d0ba190 code [0x000001649d0ba3e0, 0x000001649d0bae98]
Event: 18.349 Thread 0x00000164b17b2410 nmethod 4397 0x00000164a3ef0c10 code [0x00000164a3ef0de0, 0x00000164a3ef2158]

GC Heap History (16 events):
Event: 2.439 GC heap before
{Heap before GC invocations=0 (full 0):
 garbage-first heap   total 63488K, used 13312K [0x00000000c2200000, 0x0000000100000000)
  region size 1024K, 13 young (13312K), 0 survivors (0K)
 Metaspace       used 3427K, committed 3648K, reserved 1056768K
  class space    used 364K, committed 448K, reserved 1048576K
}
Event: 2.462 GC heap after
{Heap after GC invocations=1 (full 0):
 garbage-first heap   total 63488K, used 3292K [0x00000000c2200000, 0x0000000100000000)
  region size 1024K, 2 young (2048K), 2 survivors (2048K)
 Metaspace       used 3427K, committed 3648K, reserved 1056768K
  class space    used 364K, committed 448K, reserved 1048576K
}
Event: 3.762 GC heap before
{Heap before GC invocations=1 (full 0):
 garbage-first heap   total 63488K, used 14556K [0x00000000c2200000, 0x0000000100000000)
  region size 1024K, 13 young (13312K), 2 survivors (2048K)
 Metaspace       used 5669K, committed 5888K, reserved 1056768K
  class space    used 681K, committed 768K, reserved 1048576K
}
Event: 3.778 GC heap after
{Heap after GC invocations=2 (full 0):
 garbage-first heap   total 63488K, used 4104K [0x00000000c2200000, 0x0000000100000000)
  region size 1024K, 1 young (1024K), 1 survivors (1024K)
 Metaspace       used 5669K, committed 5888K, reserved 1056768K
  class space    used 681K, committed 768K, reserved 1048576K
}
Event: 5.853 GC heap before
{Heap before GC invocations=2 (full 0):
 garbage-first heap   total 63488K, used 27656K [0x00000000c2200000, 0x0000000100000000)
  region size 1024K, 25 young (25600K), 1 survivors (1024K)
 Metaspace       used 7932K, committed 8128K, reserved 1064960K
  class space    used 954K, committed 1024K, reserved 1048576K
}
Event: 5.864 GC heap after
{Heap after GC invocations=3 (full 0):
 garbage-first heap   total 63488K, used 4704K [0x00000000c2200000, 0x0000000100000000)
  region size 1024K, 2 young (2048K), 2 survivors (2048K)
 Metaspace       used 7932K, committed 8128K, reserved 1064960K
  class space    used 954K, committed 1024K, reserved 1048576K
}
Event: 10.426 GC heap before
{Heap before GC invocations=3 (full 0):
 garbage-first heap   total 63488K, used 40544K [0x00000000c2200000, 0x0000000100000000)
  region size 1024K, 37 young (37888K), 2 survivors (2048K)
 Metaspace       used 14292K, committed 14528K, reserved 1064960K
  class space    used 1752K, committed 1856K, reserved 1048576K
}
Event: 10.466 GC heap after
{Heap after GC invocations=4 (full 0):
 garbage-first heap   total 63488K, used 7750K [0x00000000c2200000, 0x0000000100000000)
  region size 1024K, 5 young (5120K), 5 survivors (5120K)
 Metaspace       used 14292K, committed 14528K, reserved 1064960K
  class space    used 1752K, committed 1856K, reserved 1048576K
}
Event: 13.029 GC heap before
{Heap before GC invocations=4 (full 0):
 garbage-first heap   total 63488K, used 40518K [0x00000000c2200000, 0x0000000100000000)
  region size 1024K, 37 young (37888K), 5 survivors (5120K)
 Metaspace       used 15527K, committed 15680K, reserved 1064960K
  class space    used 1862K, committed 1920K, reserved 1048576K
}
Event: 13.080 GC heap after
{Heap after GC invocations=5 (full 0):
 garbage-first heap   total 63488K, used 11933K [0x00000000c2200000, 0x0000000100000000)
  region size 1024K, 5 young (5120K), 5 survivors (5120K)
 Metaspace       used 15527K, committed 15680K, reserved 1064960K
  class space    used 1862K, committed 1920K, reserved 1048576K
}
Event: 15.685 GC heap before
{Heap before GC invocations=5 (full 0):
 garbage-first heap   total 63488K, used 43677K [0x00000000c2200000, 0x0000000100000000)
  region size 1024K, 36 young (36864K), 5 survivors (5120K)
 Metaspace       used 16076K, committed 16320K, reserved 1064960K
  class space    used 1883K, committed 1984K, reserved 1048576K
}
Event: 15.716 GC heap after
{Heap after GC invocations=6 (full 0):
 garbage-first heap   total 63488K, used 13278K [0x00000000c2200000, 0x0000000100000000)
  region size 1024K, 3 young (3072K), 3 survivors (3072K)
 Metaspace       used 16076K, committed 16320K, reserved 1064960K
  class space    used 1883K, committed 1984K, reserved 1048576K
}
Event: 16.463 GC heap before
{Heap before GC invocations=6 (full 0):
 garbage-first heap   total 63488K, used 28638K [0x00000000c2200000, 0x0000000100000000)
  region size 1024K, 11 young (11264K), 3 survivors (3072K)
 Metaspace       used 16840K, committed 17152K, reserved 1064960K
  class space    used 1977K, committed 2112K, reserved 1048576K
}
Event: 16.480 GC heap after
{Heap after GC invocations=7 (full 0):
 garbage-first heap   total 63488K, used 21582K [0x00000000c2200000, 0x0000000100000000)
  region size 1024K, 3 young (3072K), 3 survivors (3072K)
 Metaspace       used 16840K, committed 17152K, reserved 1064960K
  class space    used 1977K, committed 2112K, reserved 1048576K
}
Event: 16.491 GC heap before
{Heap before GC invocations=7 (full 0):
 garbage-first heap   total 63488K, used 33870K [0x00000000c2200000, 0x0000000100000000)
  region size 1024K, 4 young (4096K), 3 survivors (3072K)
 Metaspace       used 16840K, committed 17152K, reserved 1064960K
  class space    used 1977K, committed 2112K, reserved 1048576K
}
Event: 16.504 GC heap after
{Heap after GC invocations=8 (full 0):
 garbage-first heap   total 76800K, used 33859K [0x00000000c2200000, 0x0000000100000000)
  region size 1024K, 1 young (1024K), 1 survivors (1024K)
 Metaspace       used 16840K, committed 17152K, reserved 1064960K
  class space    used 1977K, committed 2112K, reserved 1048576K
}

Deoptimization events (20 events):
Event: 18.252 Thread 0x00000164949fea60 Uncommon trap: trap_request=0xffffffc6 fr.pc=0x00000164a3e8a890 relative=0x00000000000003b0
Event: 18.252 Thread 0x00000164949fea60 Uncommon trap: reason=bimorphic_or_optimized_type_check action=maybe_recompile pc=0x00000164a3e8a890 method=java.util.HashMap.putVal(ILjava/lang/Object;Ljava/lang/Object;ZZ)Ljava/lang/Object; @ 253 c2
Event: 18.252 Thread 0x00000164949fea60 DEOPT PACKING pc=0x00000164a3e8a890 sp=0x00000004dc4fcee0
Event: 18.252 Thread 0x00000164949fea60 DEOPT UNPACKING pc=0x000001649c26239d sp=0x00000004dc4fcea0 mode 2
Event: 18.256 Thread 0x00000164949fea60 Uncommon trap: trap_request=0xffffffbe fr.pc=0x00000164a3de3e1c relative=0x0000000000001bbc
Event: 18.256 Thread 0x00000164949fea60 Uncommon trap: reason=profile_predicate action=maybe_recompile pc=0x00000164a3de3e1c method=java.util.TimSort.binarySort([Ljava/lang/Object;IIILjava/util/Comparator;)V @ 34 c2
Event: 18.257 Thread 0x00000164949fea60 DEOPT PACKING pc=0x00000164a3de3e1c sp=0x00000004dc4fcb00
Event: 18.257 Thread 0x00000164949fea60 DEOPT UNPACKING pc=0x000001649c26239d sp=0x00000004dc4fcae0 mode 2
Event: 18.257 Thread 0x00000164949fea60 Uncommon trap: trap_request=0xffffffbe fr.pc=0x00000164a3de3e1c relative=0x0000000000001bbc
Event: 18.257 Thread 0x00000164949fea60 Uncommon trap: reason=profile_predicate action=maybe_recompile pc=0x00000164a3de3e1c method=java.util.TimSort.binarySort([Ljava/lang/Object;IIILjava/util/Comparator;)V @ 34 c2
Event: 18.257 Thread 0x00000164949fea60 DEOPT PACKING pc=0x00000164a3de3e1c sp=0x00000004dc4fcb00
Event: 18.257 Thread 0x00000164949fea60 DEOPT UNPACKING pc=0x000001649c26239d sp=0x00000004dc4fcae0 mode 2
Event: 18.257 Thread 0x00000164949fea60 Uncommon trap: trap_request=0xffffffbe fr.pc=0x00000164a3de3e1c relative=0x0000000000001bbc
Event: 18.257 Thread 0x00000164949fea60 Uncommon trap: reason=profile_predicate action=maybe_recompile pc=0x00000164a3de3e1c method=java.util.TimSort.binarySort([Ljava/lang/Object;IIILjava/util/Comparator;)V @ 34 c2
Event: 18.257 Thread 0x00000164949fea60 DEOPT PACKING pc=0x00000164a3de3e1c sp=0x00000004dc4fcb00
Event: 18.258 Thread 0x00000164949fea60 DEOPT UNPACKING pc=0x000001649c26239d sp=0x00000004dc4fcae0 mode 2
Event: 18.258 Thread 0x00000164949fea60 Uncommon trap: trap_request=0xffffffbe fr.pc=0x00000164a3de3e1c relative=0x0000000000001bbc
Event: 18.258 Thread 0x00000164949fea60 Uncommon trap: reason=profile_predicate action=maybe_recompile pc=0x00000164a3de3e1c method=java.util.TimSort.binarySort([Ljava/lang/Object;IIILjava/util/Comparator;)V @ 34 c2
Event: 18.258 Thread 0x00000164949fea60 DEOPT PACKING pc=0x00000164a3de3e1c sp=0x00000004dc4fcb00
Event: 18.258 Thread 0x00000164949fea60 DEOPT UNPACKING pc=0x000001649c26239d sp=0x00000004dc4fcae0 mode 2

Classes unloaded (0 events):
No events

Classes redefined (0 events):
No events

Internal exceptions (20 events):
Event: 9.316 Thread 0x00000164949fea60 Exception <a 'java/lang/NoSuchMethodError'{0x00000000c423f488}: 'void java.lang.invoke.DirectMethodHandle$Holder.invokeVirtual(java.lang.Object, java.lang.Object)'> (0x00000000c423f488) 
thrown [t:\workspace\open\src\hotspot\share\interpreter\linkResolver.cpp, line 766]
Event: 9.447 Thread 0x00000164949fea60 Exception <a 'java/lang/NoSuchMethodError'{0x00000000c42c9450}: 'java.lang.Object java.lang.invoke.DirectMethodHandle$Holder.invokeStaticInit(java.lang.Object, int, int, int, int)'> (0x00000000c42c9450) 
thrown [t:\workspace\open\src\hotspot\share\interpreter\linkResolver.cpp, line 766]
Event: 10.080 Thread 0x00000164949fea60 Implicit null exception at 0x00000164a3d0fe72 to 0x00000164a3d10384
Event: 10.081 Thread 0x00000164949fea60 Implicit null exception at 0x00000164a3d069f2 to 0x00000164a3d06f18
Event: 12.420 Thread 0x00000164949fea60 Implicit null exception at 0x00000164a3e06e52 to 0x00000164a3e070c8
Event: 12.420 Thread 0x00000164949fea60 Implicit null exception at 0x00000164a3dd7a31 to 0x00000164a3dd95ac
Event: 12.421 Thread 0x00000164949fea60 Implicit null exception at 0x00000164a3d7c16a to 0x00000164a3d7c328
Event: 12.422 Thread 0x00000164949fea60 Implicit null exception at 0x00000164a3d26b58 to 0x00000164a3d26bee
Event: 12.437 Thread 0x00000164949fea60 Exception <a 'java/lang/NoSuchMethodError'{0x00000000c474c4b8}: 'int java.lang.invoke.DirectMethodHandle$Holder.invokeSpecialIFC(java.lang.Object, java.lang.Object, java.lang.Object, java.lang.Object)'> (0x00000000c474c4b8) 
thrown [t:\workspace\open\src\hotspot\share\interpreter\linkResolver.cpp, line 766]
Event: 14.859 Thread 0x00000164949fea60 Implicit null exception at 0x00000164a3de138f to 0x00000164a3de1409
Event: 15.350 Thread 0x00000164949fea60 Exception <a 'java/lang/NoSuchMethodError'{0x00000000c4503988}: 'java.lang.Object java.lang.invoke.DirectMethodHandle$Holder.newInvokeSpecial(java.lang.Object, java.lang.Object, java.lang.Object, java.lang.Object, java.lang.Object, java.lang.Object, java.lang.Object)'> (0x00000000c4503988) 
thrown [t:\workspace\open\src\hotspot\share\interpreter\linkResolver.cpp, line 766]
Event: 15.352 Thread 0x00000164949fea60 Exception <a 'java/lang/NoSuchMethodError'{0x00000000c4508298}: 'java.lang.Object java.lang.invoke.Invokers$Holder.linkToTargetMethod(java.lang.Object, java.lang.Object, java.lang.Object, java.lang.Object, java.lang.Object, java.lang.Object, java.lang.Object)'> (0x00000000c4508298) 
thrown [t:\workspace\open\src\hotspot\share\interpreter\linkResolver.cpp, line 766]
Event: 16.198 Thread 0x00000164949fea60 Exception <a 'java/lang/NoSuchMethodError'{0x00000000c5bef2a8}: 'java.lang.Object java.lang.invoke.DirectMethodHandle$Holder.invokeVirtual(java.lang.Object, java.lang.Object, java.lang.Object)'> (0x00000000c5bef2a8) 
thrown [t:\workspace\open\src\hotspot\share\interpreter\linkResolver.cpp, line 766]
Event: 16.201 Thread 0x00000164949fea60 Exception <a 'java/lang/NoSuchMethodError'{0x00000000c5bf68a0}: 'void java.lang.invoke.DirectMethodHandle$Holder.invokeSpecial(java.lang.Object, java.lang.Object, java.lang.Object, java.lang.Object, java.lang.Object, java.lang.Object)'> (0x00000000c5bf68a0) 
thrown [t:\workspace\open\src\hotspot\share\interpreter\linkResolver.cpp, line 766]
Event: 16.207 Thread 0x00000164949fea60 Exception <a 'java/lang/NoSuchMethodError'{0x00000000c5a023d8}: 'int java.lang.invoke.DirectMethodHandle$Holder.invokeVirtual(java.lang.Object, java.lang.Object)'> (0x00000000c5a023d8) 
thrown [t:\workspace\open\src\hotspot\share\interpreter\linkResolver.cpp, line 766]
Event: 18.283 Thread 0x00000164949fea60 Exception <a 'java/lang/NoSuchMethodError'{0x00000000c590a5b0}: 'void java.lang.invoke.DirectMethodHandle$Holder.invokeStatic(java.lang.Object, long)'> (0x00000000c590a5b0) 
thrown [t:\workspace\open\src\hotspot\share\interpreter\linkResolver.cpp, line 766]
Event: 18.286 Thread 0x00000164949fea60 Exception <a 'java/lang/NoSuchMethodError'{0x00000000c590ff78}: 'java.lang.Object java.lang.invoke.DirectMethodHandle$Holder.newInvokeSpecial(java.lang.Object, long)'> (0x00000000c590ff78) 
thrown [t:\workspace\open\src\hotspot\share\interpreter\linkResolver.cpp, line 766]
Event: 18.303 Thread 0x00000164949fea60 Exception <a 'java/lang/NoSuchMethodError'{0x00000000c591b3e0}: 'java.lang.Object java.lang.invoke.DirectMethodHandle$Holder.invokeStaticInit(java.lang.Object, java.lang.Object, long, java.lang.Object)'> (0x00000000c591b3e0) 
thrown [t:\workspace\open\src\hotspot\share\interpreter\linkResolver.cpp, line 766]
Event: 18.306 Thread 0x00000164949fea60 Exception <a 'java/lang/NoSuchMethodError'{0x00000000c5921ab0}: 'java.lang.Object java.lang.invoke.DirectMethodHandle$Holder.newInvokeSpecial(java.lang.Object, java.lang.Object, long)'> (0x00000000c5921ab0) 
thrown [t:\workspace\open\src\hotspot\share\interpreter\linkResolver.cpp, line 766]
Event: 18.308 Thread 0x00000164949fea60 Exception <a 'java/lang/NoSuchMethodError'{0x00000000c5926048}: 'java.lang.Object java.lang.invoke.Invokers$Holder.linkToTargetMethod(java.lang.Object, long, java.lang.Object)'> (0x00000000c5926048) 
thrown [t:\workspace\open\src\hotspot\share\interpreter\linkResolver.cpp, line 766]

VM Operations (20 events):
Event: 12.472 Executing VM operation: Cleanup
Event: 12.475 Executing VM operation: Cleanup done
Event: 13.029 Executing VM operation: G1CollectForAllocation
Event: 13.080 Executing VM operation: G1CollectForAllocation done
Event: 13.194 Executing VM operation: HandshakeAllThreads
Event: 13.195 Executing VM operation: HandshakeAllThreads done
Event: 14.206 Executing VM operation: Cleanup
Event: 14.208 Executing VM operation: Cleanup done
Event: 15.208 Executing VM operation: Cleanup
Event: 15.209 Executing VM operation: Cleanup done
Event: 15.684 Executing VM operation: G1CollectForAllocation
Event: 15.716 Executing VM operation: G1CollectForAllocation done
Event: 16.463 Executing VM operation: G1TryInitiateConcMark
Event: 16.480 Executing VM operation: G1TryInitiateConcMark done
Event: 16.491 Executing VM operation: G1TryInitiateConcMark
Event: 16.504 Executing VM operation: G1TryInitiateConcMark done
Event: 18.181 Executing VM operation: ICBufferFull
Event: 18.181 Executing VM operation: ICBufferFull done
Event: 18.336 Executing VM operation: HandshakeAllThreads
Event: 18.336 Executing VM operation: HandshakeAllThreads done

Events (20 events):
Event: 18.314 loading class java/util/concurrent/SynchronousQueue$Transferer
Event: 18.314 loading class java/util/concurrent/SynchronousQueue$Transferer done
Event: 18.314 loading class java/util/concurrent/SynchronousQueue$TransferStack done
Event: 18.314 loading class java/util/concurrent/SynchronousQueue$TransferStack$SNode
Event: 18.315 loading class java/util/concurrent/ForkJoinPool$ManagedBlocker
Event: 18.316 loading class java/util/concurrent/ForkJoinPool$ManagedBlocker done
Event: 18.316 loading class java/util/concurrent/SynchronousQueue$TransferStack$SNode done
Event: 18.316 loading class java/lang/ProcessImpl$2
Event: 18.317 loading class java/lang/ProcessImpl$2 done
Event: 18.317 loading class java/lang/Process$PipeInputStream
Event: 18.317 loading class java/lang/Process$PipeInputStream done
Event: 18.336 loading class jdk/internal/event/ProcessStartEvent
Event: 18.337 loading class jdk/internal/event/Event
Event: 18.337 loading class jdk/internal/event/Event done
Event: 18.338 loading class jdk/internal/event/ProcessStartEvent done
Event: 18.340 loading class java/io/PipedOutputStream
Event: 18.341 loading class java/io/PipedOutputStream done
Event: 18.344 Thread 0x00000164b1ee4580 Thread added: 0x00000164b1ee4580
Event: 18.345 Thread 0x00000164b1ee4a50 Thread added: 0x00000164b1ee4a50
Event: 18.345 Thread 0x00000164b1ee4f20 Thread added: 0x00000164b1ee4f20


Dynamic libraries:
0x00007ff66da60000 - 0x00007ff66da70000 	C:\Program Files\Java\jdk-17.0.1\bin\java.exe
0x00007ffea3d30000 - 0x00007ffea3f28000 	C:\Windows\SYSTEM32\ntdll.dll
0x00007ffea3050000 - 0x00007ffea310d000 	C:\Windows\System32\KERNEL32.DLL
0x00007ffea17d0000 - 0x00007ffea1ac6000 	C:\Windows\System32\KERNELBASE.dll
0x00007ffea1b00000 - 0x00007ffea1c00000 	C:\Windows\System32\ucrtbase.dll
0x00007ffe9d4c0000 - 0x00007ffe9d4da000 	C:\Program Files\Java\jdk-17.0.1\bin\VCRUNTIME140.dll
0x00007ffe970a0000 - 0x00007ffe970b8000 	C:\Program Files\Java\jdk-17.0.1\bin\jli.dll
0x00007ffea2b00000 - 0x00007ffea2baf000 	C:\Windows\System32\ADVAPI32.dll
0x00007ffea2600000 - 0x00007ffea269e000 	C:\Windows\System32\msvcrt.dll
0x00007ffea2a60000 - 0x00007ffea2afc000 	C:\Windows\System32\sechost.dll
0x00007ffea2bb0000 - 0x00007ffea2cd6000 	C:\Windows\System32\RPCRT4.dll
0x00007ffea2eb0000 - 0x00007ffea304e000 	C:\Windows\System32\USER32.dll
0x00007ffea1ad0000 - 0x00007ffea1af2000 	C:\Windows\System32\win32u.dll
0x00007ffea0760000 - 0x00007ffea09fa000 	C:\Windows\WinSxS\amd64_microsoft.windows.common-controls_6595b64144ccf1df_6.0.19041.3636_none_60b6a03d71f818d5\COMCTL32.dll
0x00007ffea3cc0000 - 0x00007ffea3cec000 	C:\Windows\System32\GDI32.dll
0x00007ffea1620000 - 0x00007ffea173a000 	C:\Windows\System32\gdi32full.dll
0x00007ffea1cf0000 - 0x00007ffea1d8d000 	C:\Windows\System32\msvcp_win.dll
0x00007ffe9eeb0000 - 0x00007ffe9eeba000 	C:\Windows\SYSTEM32\VERSION.dll
0x00007ffea1e60000 - 0x00007ffea1e90000 	C:\Windows\System32\IMM32.DLL
0x00007ffe9f7d0000 - 0x00007ffe9f7dc000 	C:\Program Files\Java\jdk-17.0.1\bin\vcruntime140_1.dll
0x00007ffe97120000 - 0x00007ffe971ad000 	C:\Program Files\Java\jdk-17.0.1\bin\msvcp140.dll
0x00007ffe6fb50000 - 0x00007ffe7070e000 	C:\Program Files\Java\jdk-17.0.1\bin\server\jvm.dll
0x00007ffea2520000 - 0x00007ffea2528000 	C:\Windows\System32\PSAPI.DLL
0x00007ffe89320000 - 0x00007ffe89347000 	C:\Windows\SYSTEM32\WINMM.dll
0x00007ffe90860000 - 0x00007ffe90869000 	C:\Windows\SYSTEM32\WSOCK32.dll
0x00007ffea3110000 - 0x00007ffea317b000 	C:\Windows\System32\WS2_32.dll
0x00007ffe9e490000 - 0x00007ffe9e4a2000 	C:\Windows\SYSTEM32\kernel.appcore.dll
0x00007ffe9d4b0000 - 0x00007ffe9d4ba000 	C:\Program Files\Java\jdk-17.0.1\bin\jimage.dll
0x00007ffea0da0000 - 0x00007ffea0f84000 	C:\Windows\SYSTEM32\DBGHELP.DLL
0x00007ffea0b40000 - 0x00007ffea0b74000 	C:\Windows\SYSTEM32\dbgcore.DLL
0x00007ffea1740000 - 0x00007ffea17c2000 	C:\Windows\System32\bcryptPrimitives.dll
0x00007ffe98010000 - 0x00007ffe98035000 	C:\Program Files\Java\jdk-17.0.1\bin\java.dll
0x00007ffe94c50000 - 0x00007ffe94d26000 	C:\Program Files\Java\jdk-17.0.1\bin\svml.dll
0x00007ffea3230000 - 0x00007ffea3974000 	C:\Windows\System32\SHELL32.dll
0x00007ffe9e6b0000 - 0x00007ffe9ee4b000 	C:\Windows\SYSTEM32\windows.storage.dll
0x00007ffea2700000 - 0x00007ffea2a54000 	C:\Windows\System32\combase.dll
0x00007ffea06f0000 - 0x00007ffea071d000 	C:\Windows\SYSTEM32\Wldp.dll
0x00007ffea2530000 - 0x00007ffea25dd000 	C:\Windows\System32\SHCORE.dll
0x00007ffea3ae0000 - 0x00007ffea3b35000 	C:\Windows\System32\shlwapi.dll
0x00007ffea1340000 - 0x00007ffea1365000 	C:\Windows\SYSTEM32\profapi.dll
0x00007ffe997d0000 - 0x00007ffe997e9000 	C:\Program Files\Java\jdk-17.0.1\bin\net.dll
0x00007ffe9a600000 - 0x00007ffe9a70a000 	C:\Windows\SYSTEM32\WINHTTP.dll
0x00007ffea0470000 - 0x00007ffea04da000 	C:\Windows\system32\mswsock.dll
0x00007ffe98560000 - 0x00007ffe98575000 	C:\Program Files\Java\jdk-17.0.1\bin\nio.dll
0x00007ffe97ff0000 - 0x00007ffe98008000 	C:\Program Files\Java\jdk-17.0.1\bin\zip.dll
0x0000000069ac0000 - 0x0000000069ae4000 	C:\Users\Luiz Eduardo\AppData\Local\Temp\jansi-2.4.0-e02d5b2903e23d6d-jansi.dll
0x00007ffe98390000 - 0x00007ffe983a0000 	C:\Program Files\Java\jdk-17.0.1\bin\verify.dll
0x00007ffea1070000 - 0x00007ffea10a3000 	C:\Windows\SYSTEM32\ntmarta.dll

dbghelp: loaded successfully - version: 4.0.5 - missing functions: none
symbol engine: initialized successfully - sym options: 0x614 - pdb path: .;C:\Program Files\Java\jdk-17.0.1\bin;C:\Windows\SYSTEM32;C:\Windows\WinSxS\amd64_microsoft.windows.common-controls_6595b64144ccf1df_6.0.19041.3636_none_60b6a03d71f818d5;C:\Program Files\Java\jdk-17.0.1\bin\server;C:\Users\Luiz Eduardo\AppData\Local\Temp

VM Arguments:
jvm_args: -Dmaven.multiModuleProjectDirectory=C:\Users\Luiz Eduardo\OneDrive\Documentos\NetBeansProjects\caixa 
java_command: org.apache.maven.wrapper.MavenWrapperMain -Dexec.vmArgs= -Dexec.args=${exec.vmArgs} -classpath %classpath ${exec.mainClass} ${exec.appArgs} -Dexec.appArgs= -Dexec.mainClass=br.com.mercadinhosantacruz.caixa.CaixaApplication -Dexec.executable=C:\Program Files\Java\jdk-17.0.1\bin\java.exe -Dmaven.ext.class.path=C:\Program Files\NetBeans-19\netbeans\java\maven-nblib\netbeans-eventspy.jar -Dfile.encoding=UTF-8 --no-transfer-progress process-classes org.codehaus.mojo:exec-maven-plugin:3.1.0:exec
java_class_path (initial): C:\Users\Luiz Eduardo\OneDrive\Documentos\NetBeansProjects\caixa\.mvn\wrapper\maven-wrapper.jar
Launcher Type: SUN_STANDARD

[Global flags]
     intx CICompilerCount                          = 3                                         {product} {ergonomic}
     uint ConcGCThreads                            = 1                                         {product} {ergonomic}
     uint G1ConcRefinementThreads                  = 4                                         {product} {ergonomic}
   size_t G1HeapRegionSize                         = 1048576                                   {product} {ergonomic}
    uintx GCDrainStackTargetSize                   = 64                                        {product} {ergonomic}
   size_t InitialHeapSize                          = 65011712                                  {product} {ergonomic}
   size_t MarkStackSize                            = 4194304                                   {product} {ergonomic}
   size_t MaxHeapSize                              = 1038090240                                {product} {ergonomic}
   size_t MaxNewSize                               = 622854144                                 {product} {ergonomic}
   size_t MinHeapDeltaBytes                        = 1048576                                   {product} {ergonomic}
   size_t MinHeapSize                              = 8388608                                   {product} {ergonomic}
    uintx NonNMethodCodeHeapSize                   = 5832780                                {pd product} {ergonomic}
    uintx NonProfiledCodeHeapSize                  = 122912730                              {pd product} {ergonomic}
    uintx ProfiledCodeHeapSize                     = 122912730                              {pd product} {ergonomic}
    uintx ReservedCodeCacheSize                    = 251658240                              {pd product} {ergonomic}
     bool SegmentedCodeCache                       = true                                      {product} {ergonomic}
   size_t SoftMaxHeapSize                          = 1038090240                             {manageable} {ergonomic}
     bool UseCompressedClassPointers               = true                           {product lp64_product} {ergonomic}
     bool UseCompressedOops                        = true                           {product lp64_product} {ergonomic}
     bool UseG1GC                                  = true                                      {product} {ergonomic}
     bool UseLargePagesIndividualAllocation        = false                                  {pd product} {ergonomic}

Logging:
Log output configuration:
 #0: stdout all=warning uptime,level,tags
 #1: stderr all=off uptime,level,tags

Environment Variables:
JAVA_HOME=C:\Program Files\Java\jdk-17.0.1
PATH=C:\Program Files\Common Files\Oracle\Java\javapath;C:\Program Files (x86)\Common Files\Oracle\Java\javapath;C:\Windows\system32;C:\Windows;C:\Windows\System32\Wbem;C:\Windows\System32\WindowsPowerShell\v1.0\;C:\Windows\System32\OpenSSH\;C:\Users\Luiz Eduardo\AppData\Local\Microsoft\WindowsApps;;C:\Users\Luiz Eduardo\AppData\Local\Programs\Microsoft VS Code\bin
USERNAME=Luiz Eduardo
OS=Windows_NT
PROCESSOR_IDENTIFIER=Intel64 Family 6 Model 76 Stepping 4, GenuineIntel



---------------  S Y S T E M  ---------------

OS:
 Windows 10 , 64 bit Build 19041 (10.0.19041.3636)
OS uptime: 0 days 21:38 hours

CPU: total 4 (initial active 4) (4 cores per cpu, 1 threads per core) family 6 model 76 stepping 4 microcode 0x411, cx8, cmov, fxsr, mmx, 3dnowpref, sse, sse2, sse3, ssse3, sse4.1, sse4.2, popcnt, tsc, tscinvbit, aes, erms, clmul, clflush

Memory: 4k page, system-wide physical 3955M (600M free)
TotalPageFile size 4904M (AvailPageFile size 8M)
current process WorkingSet (physical memory assigned to process): 168M, peak: 170M
current process commit charge ("private bytes"): 201M, peak: 203M

vm_info: Java HotSpot(TM) 64-Bit Server VM (17.0.1+12-LTS-39) for windows-amd64 JRE (17.0.1+12-LTS-39), built on Sep 27 2021 18:41:35 by "mach5one" with MS VC++ 16.8 (VS2019)

END.
